{"numTotalTestSuites":4,"numPassedTestSuites":4,"numFailedTestSuites":0,"numPendingTestSuites":0,"numTotalTests":20,"numPassedTests":1,"numFailedTests":0,"numPendingTests":19,"numTodoTests":0,"snapshot":{"added":0,"failure":false,"filesAdded":0,"filesRemoved":0,"filesRemovedList":[],"filesUnmatched":0,"filesUpdated":0,"matched":0,"total":0,"unchecked":0,"uncheckedKeysByFile":[],"unmatched":0,"updated":0,"didUpdate":false},"startTime":1762932478649,"success":true,"testResults":[{"assertionResults":[{"ancestorTitles":["Gemini – prompts réalistes","Catégorie personnel"],"fullName":"Gemini – prompts réalistes Catégorie personnel Brunch week-end 23/24","status":"skipped","title":"Brunch week-end 23/24","failureMessages":[],"meta":{}},{"ancestorTitles":["Gemini – prompts réalistes","Catégorie personnel"],"fullName":"Gemini – prompts réalistes Catégorie personnel Escape game fin mars","status":"skipped","title":"Escape game fin mars","failureMessages":[],"meta":{}},{"ancestorTitles":["Gemini – prompts réalistes","Catégorie personnel"],"fullName":"Gemini – prompts réalistes Catégorie personnel Visite musée semaine prochaine","status":"passed","title":"Visite musée semaine prochaine","duration":8068.795899999999,"failureMessages":[],"meta":{}},{"ancestorTitles":["Gemini – prompts réalistes","Catégorie personnel"],"fullName":"Gemini – prompts réalistes Catégorie personnel Footing vendredi soir / samedi matin","status":"skipped","title":"Footing vendredi soir / samedi matin","failureMessages":[],"meta":{}},{"ancestorTitles":["Gemini – prompts réalistes","Catégorie personnel"],"fullName":"Gemini – prompts réalistes Catégorie personnel Dîner cousins avril","status":"skipped","title":"Dîner cousins avril","failureMessages":[],"meta":{}},{"ancestorTitles":["Gemini – prompts réalistes","Catégorie personnel"],"fullName":"Gemini – prompts réalistes Catégorie personnel Anniversaire Léa 15 mai","status":"skipped","title":"Anniversaire Léa 15 mai","failureMessages":[],"meta":{}},{"ancestorTitles":["Gemini – prompts réalistes","Catégorie personnel"],"fullName":"Gemini – prompts réalistes Catégorie personnel Week-end escapade juin","status":"skipped","title":"Week-end escapade juin","failureMessages":[],"meta":{}},{"ancestorTitles":["Gemini – prompts réalistes","Catégorie personnel"],"fullName":"Gemini – prompts réalistes Catégorie personnel Séance photo familiale","status":"skipped","title":"Séance photo familiale","failureMessages":[],"meta":{}},{"ancestorTitles":["Gemini – prompts réalistes","Catégorie personnel"],"fullName":"Gemini – prompts réalistes Catégorie personnel Apéro entre amis","status":"skipped","title":"Apéro entre amis","failureMessages":[],"meta":{}},{"ancestorTitles":["Gemini – prompts réalistes","Catégorie personnel"],"fullName":"Gemini – prompts réalistes Catégorie personnel Call visio parents","status":"skipped","title":"Call visio parents","failureMessages":[],"meta":{}},{"ancestorTitles":["Gemini – prompts réalistes","Catégorie associatif"],"fullName":"Gemini – prompts réalistes Catégorie associatif Réunion parents-profs","status":"skipped","title":"Réunion parents-profs","failureMessages":[],"meta":{}},{"ancestorTitles":["Gemini – prompts réalistes","Catégorie associatif"],"fullName":"Gemini – prompts réalistes Catégorie associatif Bureau associatif 30min","status":"skipped","title":"Bureau associatif 30min","failureMessages":[],"meta":{}},{"ancestorTitles":["Gemini – prompts réalistes","Catégorie associatif"],"fullName":"Gemini – prompts réalistes Catégorie associatif Atelier bénévoles semaine du 12","status":"skipped","title":"Atelier bénévoles semaine du 12","failureMessages":[],"meta":{}},{"ancestorTitles":["Gemini – prompts réalistes","Catégorie associatif"],"fullName":"Gemini – prompts réalistes Catégorie associatif Répétition chorale week-end","status":"skipped","title":"Répétition chorale week-end","failureMessages":[],"meta":{}},{"ancestorTitles":["Gemini – prompts réalistes","Catégorie associatif"],"fullName":"Gemini – prompts réalistes Catégorie associatif Aide devoirs mercredi/vendredi","status":"skipped","title":"Aide devoirs mercredi/vendredi","failureMessages":[],"meta":{}},{"ancestorTitles":["Gemini – prompts réalistes","Catégorie associatif"],"fullName":"Gemini – prompts réalistes Catégorie associatif Comité de quartier J+15","status":"skipped","title":"Comité de quartier J+15","failureMessages":[],"meta":{}},{"ancestorTitles":["Gemini – prompts réalistes","Catégorie associatif"],"fullName":"Gemini – prompts réalistes Catégorie associatif Prépa kermesse samedi 10h","status":"skipped","title":"Prépa kermesse samedi 10h","failureMessages":[],"meta":{}},{"ancestorTitles":["Gemini – prompts réalistes","Catégorie associatif"],"fullName":"Gemini – prompts réalistes Catégorie associatif Equipe éducative avant vacances","status":"skipped","title":"Equipe éducative avant vacances","failureMessages":[],"meta":{}},{"ancestorTitles":["Gemini – prompts réalistes","Catégorie associatif"],"fullName":"Gemini – prompts réalistes Catégorie associatif Visio trésorerie","status":"skipped","title":"Visio trésorerie","failureMessages":[],"meta":{}},{"ancestorTitles":["Gemini – prompts réalistes","Catégorie associatif"],"fullName":"Gemini – prompts réalistes Catégorie associatif Distribution flyers fin avril","status":"skipped","title":"Distribution flyers fin avril","failureMessages":[],"meta":{}}],"startTime":1762932488123,"endTime":1762932496191.796,"status":"passed","message":"","name":"C:/Users/Julien Fritsch/Documents/GitHub/DooDates/src/test/gemini-professional.test.ts"}]}