stderr | src/lib/services/__tests__/titleGeneration.useAutoSave.test.ts > titleGeneration + useAutoSave Integration > Title Generation Integration > should determine when to regenerate titles based on message count
­ƒÜ¿ DooDates Error: {
  message: 'Erreur synchronisation Supabase (non-bloquant)',
  name: 'DooDatesError',
  stack: 'DooDatesError: Erreur synchronisation Supabase (non-bloquant)\n' +
    '    at Object.storage (C:\\Users\\Julien Fritsch\\Documents\\GitHub\\DooDates\\src\\lib\\error-handling.ts:141:5)\n' +
    '    at C:\\Users\\Julien Fritsch\\Documents\\GitHub\\DooDates\\src\\hooks\\useAutoSave.ts:232:30',
  timestamp: '2025-11-21T08:47:42.853Z',
  context: {
    metadata: {
      originalError: Error: Supabase not available in tests
          at C:\Users\Julien Fritsch\Documents\GitHub\DooDates\src\lib\services\__tests__\titleGeneration.useAutoSave.test.ts:54:49
          at ManualMockedModule.factory (file:///C:/Users/Julien%20Fritsch/Documents/GitHub/DooDates/node_modules/vitest/dist/chunks/vi.bdSIJ99Y.js:3904:78)
          at ManualMockedModule.resolve (file:///C:/Users/Julien%20Fritsch/Documents/GitHub/DooDates/node_modules/@vitest/mocker/dist/chunk-registry.js:158:25)
          at VitestMocker.callFunctionMock (file:///C:/Users/Julien%20Fritsch/Documents/GitHub/DooDates/node_modules/vitest/dist/chunks/execute.B7h3T_Hc.js:322:30)
          at VitestMocker.requestWithMock (file:///C:/Users/Julien%20Fritsch/Documents/GitHub/DooDates/node_modules/vitest/dist/chunks/execute.B7h3T_Hc.js:433:22)
          at VitestExecutor.dependencyRequest (file:///C:/Users/Julien%20Fritsch/Documents/GitHub/DooDates/node_modules/vitest/dist/chunks/execute.B7h3T_Hc.js:692:36)
          at request (file:///C:/Users/Julien%20Fritsch/Documents/GitHub/DooDates/node_modules/vite-node/dist/client.mjs:264:16)
          at C:\Users\Julien Fritsch\Documents\GitHub\DooDates\src\hooks\useAutoSave.ts:174:74,
      requestId: 'a6c75d1f-c65c-4465-8555-37ce008d1f56',
      timestamp: '2025-11-21T08:47:42.840Z'
    }
  },
  severity: 'high',
  category: 'storage',
  userMessage: 'Une erreur est survenue lors de la synchronisation avec Supabase'
}

stderr | src/lib/services/__tests__/titleGeneration.useAutoSave.test.ts > titleGeneration + useAutoSave Integration > Title Generation Integration > should not regenerate custom titles
­ƒÜ¿ DooDates Error: {
  message: 'Erreur synchronisation Supabase (non-bloquant)',
  name: 'DooDatesError',
  stack: 'DooDatesError: Erreur synchronisation Supabase (non-bloquant)\n' +
    '    at Object.storage (C:\\Users\\Julien Fritsch\\Documents\\GitHub\\DooDates\\src\\lib\\error-handling.ts:141:5)\n' +
    '    at C:\\Users\\Julien Fritsch\\Documents\\GitHub\\DooDates\\src\\hooks\\useAutoSave.ts:232:30',
  timestamp: '2025-11-21T08:47:42.873Z',
  context: {
    metadata: {
      originalError: [DooDatesError],
      requestId: '71c6d859-d104-49cd-88d1-3744ca76a327',
      timestamp: '2025-11-21T08:47:42.870Z'
    }
  },
  severity: 'high',
  category: 'storage',
  userMessage: 'Une erreur est survenue lors de la synchronisation avec Supabase'
}

stderr | src/lib/services/__tests__/titleGeneration.useAutoSave.test.ts > titleGeneration + useAutoSave Integration > Title Generation Integration > should handle multilingual content correctly
­ƒÜ¿ DooDates Error: {
  message: 'Erreur synchronisation Supabase (non-bloquant)',
  name: 'DooDatesError',
  stack: 'DooDatesError: Erreur synchronisation Supabase (non-bloquant)\n' +
    '    at Object.storage (C:\\Users\\Julien Fritsch\\Documents\\GitHub\\DooDates\\src\\lib\\error-handling.ts:141:5)\n' +
    '    at C:\\Users\\Julien Fritsch\\Documents\\GitHub\\DooDates\\src\\hooks\\useAutoSave.ts:232:30',
  timestamp: '2025-11-21T08:47:42.880Z',
  context: {
    metadata: {
      originalError: [DooDatesError],
      requestId: 'f33635c9-127b-4ba9-a23e-9e92f07810c6',
      timestamp: '2025-11-21T08:47:42.878Z'
    }
  },
  severity: 'high',
  category: 'storage',
  userMessage: 'Une erreur est survenue lors de la synchronisation avec Supabase'
}

stderr | src/lib/services/__tests__/titleGeneration.useAutoSave.test.ts > titleGeneration + useAutoSave Integration > Title Generation Integration > should integrate with conversation storage updates
­ƒÜ¿ DooDates Error: {
  message: 'Erreur synchronisation Supabase (non-bloquant)',
  name: 'DooDatesError',
  stack: 'DooDatesError: Erreur synchronisation Supabase (non-bloquant)\n' +
    '    at Object.storage (C:\\Users\\Julien Fritsch\\Documents\\GitHub\\DooDates\\src\\lib\\error-handling.ts:141:5)\n' +
    '    at C:\\Users\\Julien Fritsch\\Documents\\GitHub\\DooDates\\src\\hooks\\useAutoSave.ts:232:30',
  timestamp: '2025-11-21T08:47:42.890Z',
  context: {
    metadata: {
      originalError: [DooDatesError],
      requestId: '260ffdef-20d7-463b-a289-07a601169a37',
      timestamp: '2025-11-21T08:47:42.886Z'
    }
  },
  severity: 'high',
  category: 'storage',
  userMessage: 'Une erreur est survenue lors de la synchronisation avec Supabase'
}

stderr | src/lib/services/__tests__/titleGeneration.useAutoSave.test.ts > titleGeneration + useAutoSave Integration > Title Generation Integration > should handle edge cases gracefully
­ƒÜ¿ DooDates Error: {
  message: 'Erreur synchronisation Supabase (non-bloquant)',
  name: 'DooDatesError',
  stack: 'DooDatesError: Erreur synchronisation Supabase (non-bloquant)\n' +
    '    at Object.storage (C:\\Users\\Julien Fritsch\\Documents\\GitHub\\DooDates\\src\\lib\\error-handling.ts:141:5)\n' +
    '    at C:\\Users\\Julien Fritsch\\Documents\\GitHub\\DooDates\\src\\hooks\\useAutoSave.ts:232:30',
  timestamp: '2025-11-21T08:47:42.897Z',
  context: {
    metadata: {
      originalError: [DooDatesError],
      requestId: '7ced79ad-7b6b-4566-b3a6-fda87711ce65',
      timestamp: '2025-11-21T08:47:42.896Z'
    }
  },
  severity: 'high',
  category: 'storage',
  userMessage: 'Une erreur est survenue lors de la synchronisation avec Supabase'
}

stderr | src/lib/services/__tests__/titleGeneration.useAutoSave.test.ts > titleGeneration + useAutoSave Integration > Title Generation Integration > should preserve conversation state during title generation
­ƒÜ¿ DooDates Error: {
  message: 'Erreur synchronisation Supabase (non-bloquant)',
  name: 'DooDatesError',
  stack: 'DooDatesError: Erreur synchronisation Supabase (non-bloquant)\n' +
    '    at Object.storage (C:\\Users\\Julien Fritsch\\Documents\\GitHub\\DooDates\\src\\lib\\error-handling.ts:141:5)\n' +
    '    at C:\\Users\\Julien Fritsch\\Documents\\GitHub\\DooDates\\src\\hooks\\useAutoSave.ts:232:30',
  timestamp: '2025-11-21T08:47:42.903Z',
  context: {
    metadata: {
      originalError: [DooDatesError],
      requestId: 'c466c108-4fff-41e9-838a-6b0a1f40d7dd',
      timestamp: '2025-11-21T08:47:42.902Z'
    }
  },
  severity: 'high',
  category: 'storage',
  userMessage: 'Une erreur est survenue lors de la synchronisation avec Supabase'
}

stderr | src/lib/services/__tests__/titleGeneration.useAutoSave.test.ts > titleGeneration + useAutoSave Integration > Error Handling Integration > should handle title generation errors gracefully
­ƒÜ¿ DooDates Error: {
  message: 'Erreur synchronisation Supabase (non-bloquant)',
  name: 'DooDatesError',
  stack: 'DooDatesError: Erreur synchronisation Supabase (non-bloquant)\n' +
    '    at Object.storage (C:\\Users\\Julien Fritsch\\Documents\\GitHub\\DooDates\\src\\lib\\error-handling.ts:141:5)\n' +
    '    at C:\\Users\\Julien Fritsch\\Documents\\GitHub\\DooDates\\src\\hooks\\useAutoSave.ts:232:30',
  timestamp: '2025-11-21T08:47:42.911Z',
  context: {
    metadata: {
      originalError: [DooDatesError],
      requestId: '76f5759a-fec2-4c7f-9f85-d2b995667810',
      timestamp: '2025-11-21T08:47:42.908Z'
    }
  },
  severity: 'high',
  category: 'storage',
  userMessage: 'Une erreur est survenue lors de la synchronisation avec Supabase'
}

stderr | src/lib/services/__tests__/titleGeneration.useAutoSave.test.ts > titleGeneration + useAutoSave Integration > Error Handling Integration > should handle title generation errors gracefully
­ƒÜ¿ DooDates Error: {
  message: 'Erreur dans addMessage',
  name: 'DooDatesError',
  stack: 'DooDatesError: Erreur dans addMessage\n' +
    '    at Object.storage (C:\\Users\\Julien Fritsch\\Documents\\GitHub\\DooDates\\src\\lib\\error-handling.ts:141:5)\n' +
    '    at Object.addMessage (C:\\Users\\Julien Fritsch\\Documents\\GitHub\\DooDates\\src\\hooks\\useAutoSave.ts:697:24)\n' +
    '    at C:\\Users\\Julien Fritsch\\Documents\\GitHub\\DooDates\\src\\lib\\services\\__tests__\\titleGeneration.useAutoSave.test.ts:571:9',
  timestamp: '2025-11-21T08:47:42.913Z',
  context: {
    operation: 'useAutoSave.addMessage',
    metadata: {
      requestId: '162067a5-0a7a-4ac8-b2fb-29f35230ae68',
      messageId: 'msg-1',
      error: Error: Storage error
          at Proxy.<anonymous> (C:\Users\Julien Fritsch\Documents\GitHub\DooDates\src\lib\services\__tests__\titleGeneration.useAutoSave.test.ts:543:15)
          at Proxy.mockCall (file:///C:/Users/Julien%20Fritsch/Documents/GitHub/DooDates/node_modules/@vitest/spy/dist/index.js:96:15)
          at Proxy.addMessages (file:///C:/Users/Julien%20Fritsch/Documents/GitHub/DooDates/node_modules/tinyspy/dist/index.js:47:80)
          at Object.addMessage (C:\Users\Julien Fritsch\Documents\GitHub\DooDates\src\hooks\useAutoSave.ts:678:29)
          at C:\Users\Julien Fritsch\Documents\GitHub\DooDates\src\lib\services\__tests__\titleGeneration.useAutoSave.test.ts:571:9
    }
  },
  severity: 'high',
  category: 'storage',
  userMessage: 'Impossible de sauvegarder le message'
}
ÔØî Ôä╣´©Å Failed to save message immediately Error: Storage error
    at Proxy.<anonymous> (C:\Users\Julien Fritsch\Documents\GitHub\DooDates\src\lib\services\__tests__\titleGeneration.useAutoSave.test.ts:543:15)
    at Proxy.mockCall (file:///C:/Users/Julien%20Fritsch/Documents/GitHub/DooDates/node_modules/@vitest/spy/dist/index.js:96:15)
    at Proxy.addMessages (file:///C:/Users/Julien%20Fritsch/Documents/GitHub/DooDates/node_modules/tinyspy/dist/index.js:47:80)
    at Object.addMessage (C:\Users\Julien Fritsch\Documents\GitHub\DooDates\src\hooks\useAutoSave.ts:678:29)
    at C:\Users\Julien Fritsch\Documents\GitHub\DooDates\src\lib\services\__tests__\titleGeneration.useAutoSave.test.ts:571:9

stderr | src/components/polls/__tests__/PollAnalyticsPanel.test.tsx > PollAnalyticsPanel > Rendu initial > affiche le titre et le header
Warning: An update to PollAnalyticsPanel inside a test was not wrapped in act(...).

When testing, code that causes React state updates should be wrapped into act(...):

act(() => {
  /* fire events that update state */
});
/* assert on the output */

This ensures that you're testing the behavior the user would see in the browser. Learn more at https://reactjs.org/link/wrap-tests-with-act
    at PollAnalyticsPanel (C:\Users\Julien Fritsch\Documents\GitHub\DooDates\src\components\polls\PollAnalyticsPanel.tsx:24:31)
Warning: An update to PollAnalyticsPanel inside a test was not wrapped in act(...).

When testing, code that causes React state updates should be wrapped into act(...):

act(() => {
  /* fire events that update state */
});
/* assert on the output */

This ensures that you're testing the behavior the user would see in the browser. Learn more at https://reactjs.org/link/wrap-tests-with-act
    at PollAnalyticsPanel (C:\Users\Julien Fritsch\Documents\GitHub\DooDates\src\components\polls\PollAnalyticsPanel.tsx:24:31)

stderr | src/components/polls/__tests__/PollAnalyticsPanel.test.tsx > PollAnalyticsPanel > Rendu initial > affiche le bouton d'actualisation
Warning: An update to PollAnalyticsPanel inside a test was not wrapped in act(...).

When testing, code that causes React state updates should be wrapped into act(...):

act(() => {
  /* fire events that update state */
});
/* assert on the output */

This ensures that you're testing the behavior the user would see in the browser. Learn more at https://reactjs.org/link/wrap-tests-with-act
    at PollAnalyticsPanel (C:\Users\Julien Fritsch\Documents\GitHub\DooDates\src\components\polls\PollAnalyticsPanel.tsx:24:31)
Warning: An update to PollAnalyticsPanel inside a test was not wrapped in act(...).

When testing, code that causes React state updates should be wrapped into act(...):

act(() => {
  /* fire events that update state */
});
/* assert on the output */

This ensures that you're testing the behavior the user would see in the browser. Learn more at https://reactjs.org/link/wrap-tests-with-act
    at PollAnalyticsPanel (C:\Users\Julien Fritsch\Documents\GitHub\DooDates\src\components\polls\PollAnalyticsPanel.tsx:24:31)

stderr | src/components/polls/__tests__/PollAnalyticsPanel.test.tsx > PollAnalyticsPanel > Rendu initial > affiche le formulaire de requ├¬te
Warning: An update to PollAnalyticsPanel inside a test was not wrapped in act(...).

When testing, code that causes React state updates should be wrapped into act(...):

act(() => {
  /* fire events that update state */
});
/* assert on the output */

This ensures that you're testing the behavior the user would see in the browser. Learn more at https://reactjs.org/link/wrap-tests-with-act
    at PollAnalyticsPanel (C:\Users\Julien Fritsch\Documents\GitHub\DooDates\src\components\polls\PollAnalyticsPanel.tsx:24:31)
Warning: An update to PollAnalyticsPanel inside a test was not wrapped in act(...).

When testing, code that causes React state updates should be wrapped into act(...):

act(() => {
  /* fire events that update state */
});
/* assert on the output */

This ensures that you're testing the behavior the user would see in the browser. Learn more at https://reactjs.org/link/wrap-tests-with-act
    at PollAnalyticsPanel (C:\Users\Julien Fritsch\Documents\GitHub\DooDates\src\components\polls\PollAnalyticsPanel.tsx:24:31)

stderr | src/components/polls/__tests__/PollAnalyticsPanel.test.tsx > PollAnalyticsPanel > Rendu initial > affiche les quick queries
Warning: An update to PollAnalyticsPanel inside a test was not wrapped in act(...).

When testing, code that causes React state updates should be wrapped into act(...):

act(() => {
  /* fire events that update state */
});
/* assert on the output */

This ensures that you're testing the behavior the user would see in the browser. Learn more at https://reactjs.org/link/wrap-tests-with-act
    at PollAnalyticsPanel (C:\Users\Julien Fritsch\Documents\GitHub\DooDates\src\components\polls\PollAnalyticsPanel.tsx:24:31)
Warning: An update to PollAnalyticsPanel inside a test was not wrapped in act(...).

When testing, code that causes React state updates should be wrapped into act(...):

act(() => {
  /* fire events that update state */
});
/* assert on the output */

This ensures that you're testing the behavior the user would see in the browser. Learn more at https://reactjs.org/link/wrap-tests-with-act
    at PollAnalyticsPanel (C:\Users\Julien Fritsch\Documents\GitHub\DooDates\src\components\polls\PollAnalyticsPanel.tsx:24:31)

stderr | src/components/polls/__tests__/PollAnalyticsPanel.test.tsx > PollAnalyticsPanel > Rendu initial > affiche l'indicateur de quota
Warning: An update to PollAnalyticsPanel inside a test was not wrapped in act(...).

When testing, code that causes React state updates should be wrapped into act(...):

act(() => {
  /* fire events that update state */
});
/* assert on the output */

This ensures that you're testing the behavior the user would see in the browser. Learn more at https://reactjs.org/link/wrap-tests-with-act
    at PollAnalyticsPanel (C:\Users\Julien Fritsch\Documents\GitHub\DooDates\src\components\polls\PollAnalyticsPanel.tsx:24:31)
Warning: An update to PollAnalyticsPanel inside a test was not wrapped in act(...).

When testing, code that causes React state updates should be wrapped into act(...):

act(() => {
  /* fire events that update state */
});
/* assert on the output */

This ensures that you're testing the behavior the user would see in the browser. Learn more at https://reactjs.org/link/wrap-tests-with-act
    at PollAnalyticsPanel (C:\Users\Julien Fritsch\Documents\GitHub\DooDates\src\components\polls\PollAnalyticsPanel.tsx:24:31)

stderr | src/components/polls/__tests__/PollAnalyticsPanel.test.tsx > PollAnalyticsPanel > Soumission de requ├¬te > n'envoie pas de requ├¬te si input vide
Warning: An update to PollAnalyticsPanel inside a test was not wrapped in act(...).

When testing, code that causes React state updates should be wrapped into act(...):

act(() => {
  /* fire events that update state */
});
/* assert on the output */

This ensures that you're testing the behavior the user would see in the browser. Learn more at https://reactjs.org/link/wrap-tests-with-act
    at PollAnalyticsPanel (C:\Users\Julien Fritsch\Documents\GitHub\DooDates\src\components\polls\PollAnalyticsPanel.tsx:24:31)
Warning: An update to PollAnalyticsPanel inside a test was not wrapped in act(...).

When testing, code that causes React state updates should be wrapped into act(...):

act(() => {
  /* fire events that update state */
});
/* assert on the output */

This ensures that you're testing the behavior the user would see in the browser. Learn more at https://reactjs.org/link/wrap-tests-with-act
    at PollAnalyticsPanel (C:\Users\Julien Fritsch\Documents\GitHub\DooDates\src\components\polls\PollAnalyticsPanel.tsx:24:31)

stderr | src/components/polls/__tests__/PollAnalyticsPanel.test.tsx > PollAnalyticsPanel > Gestion des quotas > affiche l'indicateur de quota ├®puis├®
Warning: An update to PollAnalyticsPanel inside a test was not wrapped in act(...).

When testing, code that causes React state updates should be wrapped into act(...):

act(() => {
  /* fire events that update state */
});
/* assert on the output */

This ensures that you're testing the behavior the user would see in the browser. Learn more at https://reactjs.org/link/wrap-tests-with-act
    at PollAnalyticsPanel (C:\Users\Julien Fritsch\Documents\GitHub\DooDates\src\components\polls\PollAnalyticsPanel.tsx:24:31)
Warning: An update to PollAnalyticsPanel inside a test was not wrapped in act(...).

When testing, code that causes React state updates should be wrapped into act(...):

act(() => {
  /* fire events that update state */
});
/* assert on the output */

This ensures that you're testing the behavior the user would see in the browser. Learn more at https://reactjs.org/link/wrap-tests-with-act
    at PollAnalyticsPanel (C:\Users\Julien Fritsch\Documents\GitHub\DooDates\src\components\polls\PollAnalyticsPanel.tsx:24:31)

stderr | src/components/polls/__tests__/PollAnalyticsPanel.test.tsx > PollAnalyticsPanel > Gestion des quotas > affiche le nombre de requ├¬tes utilis├®es
Warning: An update to PollAnalyticsPanel inside a test was not wrapped in act(...).

When testing, code that causes React state updates should be wrapped into act(...):

act(() => {
  /* fire events that update state */
});
/* assert on the output */

This ensures that you're testing the behavior the user would see in the browser. Learn more at https://reactjs.org/link/wrap-tests-with-act
    at PollAnalyticsPanel (C:\Users\Julien Fritsch\Documents\GitHub\DooDates\src\components\polls\PollAnalyticsPanel.tsx:24:31)
Warning: An update to PollAnalyticsPanel inside a test was not wrapped in act(...).

When testing, code that causes React state updates should be wrapped into act(...):

act(() => {
  /* fire events that update state */
});
/* assert on the output */

This ensures that you're testing the behavior the user would see in the browser. Learn more at https://reactjs.org/link/wrap-tests-with-act
    at PollAnalyticsPanel (C:\Users\Julien Fritsch\Documents\GitHub\DooDates\src\components\polls\PollAnalyticsPanel.tsx:24:31)

stderr | src/services/__tests__/PollAnalyticsService.test.ts > PollAnalyticsService > queryPoll > l├¿ve une erreur si Gemini n'est pas initialis├®
­ƒÜ¿ DooDates Error: {
  message: 'Gemini model not initialized',
  name: 'DooDatesError',
  stack: 'DooDatesError: Gemini model not initialized\n' +
    '    at Object.api (C:\\Users\\Julien Fritsch\\Documents\\GitHub\\DooDates\\src\\lib\\error-handling.ts:150:8)\n' +
    '    at PollAnalyticsService.queryPoll (C:\\Users\\Julien Fritsch\\Documents\\GitHub\\DooDates\\src\\services\\PollAnalyticsService.ts:242:28)\n' +
    '    at C:\\Users\\Julien Fritsch\\Documents\\GitHub\\DooDates\\src\\services\\__tests__\\PollAnalyticsService.test.ts:281:38\n' +
    '    at file:///C:/Users/Julien%20Fritsch/Documents/GitHub/DooDates/node_modules/@vitest/runner/dist/chunk-hooks.js:155:11\n' +
    '    at file:///C:/Users/Julien%20Fritsch/Documents/GitHub/DooDates/node_modules/@vitest/runner/dist/chunk-hooks.js:752:26\n' +
    '    at file:///C:/Users/Julien%20Fritsch/Documents/GitHub/DooDates/node_modules/@vitest/runner/dist/chunk-hooks.js:1897:20\n' +
    '    at new Promise (<anonymous>)\n' +
    '    at runWithTimeout (file:///C:/Users/Julien%20Fritsch/Documents/GitHub/DooDates/node_modules/@vitest/runner/dist/chunk-hooks.js:1863:10)\n' +
    '    at runTest (file:///C:/Users/Julien%20Fritsch/Documents/GitHub/DooDates/node_modules/@vitest/runner/dist/chunk-hooks.js:1574:12)\n' +
    '    at runSuite (file:///C:/Users/Julien%20Fritsch/Documents/GitHub/DooDates/node_modules/@vitest/runner/dist/chunk-hooks.js:1729:8)',
  timestamp: '2025-11-21T08:47:49.973Z',
  context: { component: 'PollAnalyticsService', operation: 'queryPoll' },
  severity: 'high',
  category: 'api',
  userMessage: "Service d'analytics non disponible"
}

stderr | src/services/__tests__/PollAnalyticsService.test.ts > PollAnalyticsService > queryPoll > l├¿ve une erreur si le poll n'existe pas
­ƒÜ¿ DooDates Error: {
  message: 'Poll not found',
  name: 'DooDatesError',
  stack: 'DooDatesError: Poll not found\n' +
    '    at Object.validation (C:\\Users\\Julien Fritsch\\Documents\\GitHub\\DooDates\\src\\lib\\error-handling.ts:136:5)\n' +
    '    at PollAnalyticsService.queryPoll (C:\\Users\\Julien Fritsch\\Documents\\GitHub\\DooDates\\src\\services\\PollAnalyticsService.ts:252:28)\n' +
    '    at C:\\Users\\Julien Fritsch\\Documents\\GitHub\\DooDates\\src\\services\\__tests__\\PollAnalyticsService.test.ts:290:7\n' +
    '    at file:///C:/Users/Julien%20Fritsch/Documents/GitHub/DooDates/node_modules/@vitest/runner/dist/chunk-hooks.js:752:20',
  timestamp: '2025-11-21T08:47:49.978Z',
  context: { component: 'PollAnalyticsService', operation: 'queryPoll' },
  severity: 'medium',
  category: 'validation',
  userMessage: 'Sondage introuvable'
}

stderr | src/services/__tests__/PollAnalyticsService.test.ts > PollAnalyticsService > queryPoll > g├¿re les erreurs de Gemini gracieusement
­ƒÜ¿ DooDates Error: {
  message: 'API Error',
  name: 'DooDatesError',
  stack: 'DooDatesError: API Error\n' +
    '    at handleError (C:\\Users\\Julien Fritsch\\Documents\\GitHub\\DooDates\\src\\lib\\error-handling.ts:103:22)\n' +
    '    at PollAnalyticsService.queryPoll (C:\\Users\\Julien Fritsch\\Documents\\GitHub\\DooDates\\src\\services\\PollAnalyticsService.ts:333:30)\n' +
    '    at C:\\Users\\Julien Fritsch\\Documents\\GitHub\\DooDates\\src\\services\\__tests__\\PollAnalyticsService.test.ts:301:7\n' +
    '    at file:///C:/Users/Julien%20Fritsch/Documents/GitHub/DooDates/node_modules/@vitest/runner/dist/chunk-hooks.js:752:20',
  timestamp: '2025-11-21T08:47:49.981Z',
  context: { component: 'PollAnalyticsService', operation: 'queryPoll' },
  severity: 'medium',
  category: 'system',
  userMessage: "Erreur lors de l'analyse du sondage"
}

stderr | src/services/__tests__/PollAnalyticsService.test.ts > PollAnalyticsService > generateAutoInsights > retourne un tableau vide si Gemini ├®choue (non-bloquant)
­ƒÜ¿ DooDates Error: {
  message: 'API Error',
  name: 'DooDatesError',
  stack: 'DooDatesError: API Error\n' +
    '    at handleError (C:\\Users\\Julien Fritsch\\Documents\\GitHub\\DooDates\\src\\lib\\error-handling.ts:103:22)\n' +
    '    at PollAnalyticsService.generateAutoInsights (C:\\Users\\Julien Fritsch\\Documents\\GitHub\\DooDates\\src\\services\\PollAnalyticsService.ts:439:29)\n' +
    '    at C:\\Users\\Julien Fritsch\\Documents\\GitHub\\DooDates\\src\\services\\__tests__\\PollAnalyticsService.test.ts:383:24\n' +
    '    at file:///C:/Users/Julien%20Fritsch/Documents/GitHub/DooDates/node_modules/@vitest/runner/dist/chunk-hooks.js:752:20',
  timestamp: '2025-11-21T08:47:49.994Z',
  context: {
    component: 'PollAnalyticsService',
    operation: 'generateAutoInsights'
  },
  severity: 'medium',
  category: 'system',
  userMessage: 'Erreur lors de la g├®n├®ration des insights'
}

stderr | src/services/__tests__/PollAnalyticsService.test.ts > PollAnalyticsService > generateAutoInsights > retourne un tableau vide si Gemini n'est pas initialis├® (non-bloquant)
­ƒÜ¿ DooDates Error: {
  message: 'Gemini model not initialized',
  name: 'DooDatesError',
  stack: 'DooDatesError: Gemini model not initialized\n' +
    '    at Object.api (C:\\Users\\Julien Fritsch\\Documents\\GitHub\\DooDates\\src\\lib\\error-handling.ts:150:8)\n' +
    '    at PollAnalyticsService.generateAutoInsights (C:\\Users\\Julien Fritsch\\Documents\\GitHub\\DooDates\\src\\services\\PollAnalyticsService.ts:358:28)\n' +
    '    at C:\\Users\\Julien Fritsch\\Documents\\GitHub\\DooDates\\src\\services\\__tests__\\PollAnalyticsService.test.ts:394:48\n' +
    '    at file:///C:/Users/Julien%20Fritsch/Documents/GitHub/DooDates/node_modules/@vitest/runner/dist/chunk-hooks.js:155:11\n' +
    '    at file:///C:/Users/Julien%20Fritsch/Documents/GitHub/DooDates/node_modules/@vitest/runner/dist/chunk-hooks.js:752:26\n' +
    '    at file:///C:/Users/Julien%20Fritsch/Documents/GitHub/DooDates/node_modules/@vitest/runner/dist/chunk-hooks.js:1897:20\n' +
    '    at new Promise (<anonymous>)\n' +
    '    at runWithTimeout (file:///C:/Users/Julien%20Fritsch/Documents/GitHub/DooDates/node_modules/@vitest/runner/dist/chunk-hooks.js:1863:10)\n' +
    '    at runTest (file:///C:/Users/Julien%20Fritsch/Documents/GitHub/DooDates/node_modules/@vitest/runner/dist/chunk-hooks.js:1574:12)\n' +
    '    at runSuite (file:///C:/Users/Julien%20Fritsch/Documents/GitHub/DooDates/node_modules/@vitest/runner/dist/chunk-hooks.js:1729:8)',
  timestamp: '2025-11-21T08:47:49.995Z',
  context: {
    component: 'PollAnalyticsService',
    operation: 'generateAutoInsights'
  },
  severity: 'high',
  category: 'api',
  userMessage: "Service d'analytics non disponible"
}

stderr | src/services/__tests__/PollAnalyticsService.test.ts > PollAnalyticsService > generateAutoInsights > l├¿ve une erreur si le poll n'existe pas
­ƒÜ¿ DooDates Error: {
  message: 'Poll not found',
  name: 'DooDatesError',
  stack: 'DooDatesError: Poll not found\n' +
    '    at Object.validation (C:\\Users\\Julien Fritsch\\Documents\\GitHub\\DooDates\\src\\lib\\error-handling.ts:136:5)\n' +
    '    at PollAnalyticsService.queryPoll (C:\\Users\\Julien Fritsch\\Documents\\GitHub\\DooDates\\src\\services\\PollAnalyticsService.ts:252:28)\n' +
    '    at C:\\Users\\Julien Fritsch\\Documents\\GitHub\\DooDates\\src\\services\\__tests__\\PollAnalyticsService.test.ts:402:7\n' +
    '    at file:///C:/Users/Julien%20Fritsch/Documents/GitHub/DooDates/node_modules/@vitest/runner/dist/chunk-hooks.js:752:20',
  timestamp: '2025-11-21T08:47:49.997Z',
  context: { component: 'PollAnalyticsService', operation: 'queryPoll' },
  severity: 'medium',
  category: 'validation',
  userMessage: 'Sondage introuvable'
}

stderr | src/components/conversations/__tests__/ConversationActions.test.tsx > ConversationActions > Delete Dialog > opens delete dialog when delete action is clicked
Warning: validateDOMNesting(...): <div> cannot appear as a descendant of <p>.
    at div
    at p
    at file:///C:/Users/Julien%20Fritsch/Documents/GitHub/DooDates/node_modules/@radix-ui/react-primitive/dist/index.mjs:28:13
    at file:///C:/Users/Julien%20Fritsch/Documents/GitHub/DooDates/node_modules/@radix-ui/react-dialog/dist/index.mjs:254:13
    at file:///C:/Users/Julien%20Fritsch/Documents/GitHub/DooDates/node_modules/@radix-ui/react-alert-dialog/dist/index.mjs:99:11
    at C:\Users\Julien Fritsch\Documents\GitHub\DooDates\src\components\ui\alert-dialog.tsx:81:82
    at div
    at AlertDialogHeader (C:\Users\Julien Fritsch\Documents\GitHub\DooDates\src\components\ui\alert-dialog.tsx:53:30)
    at Slottable2 (file:///C:/Users/Julien%20Fritsch/Documents/GitHub/DooDates/node_modules/@radix-ui/react-alert-dialog/node_modules/@radix-ui/react-slot/dist/index.mjs:50:25)
    at div
    at file:///C:/Users/Julien%20Fritsch/Documents/GitHub/DooDates/node_modules/@radix-ui/react-primitive/dist/index.mjs:28:13
    at file:///C:/Users/Julien%20Fritsch/Documents/GitHub/DooDates/node_modules/@radix-ui/react-dismissable-layer/dist/index.mjs:24:7
    at file:///C:/Users/Julien%20Fritsch/Documents/GitHub/DooDates/node_modules/@radix-ui/react-primitive/node_modules/@radix-ui/react-slot/dist/index.mjs:33:13
    at file:///C:/Users/Julien%20Fritsch/Documents/GitHub/DooDates/node_modules/@radix-ui/react-primitive/node_modules/@radix-ui/react-slot/dist/index.mjs:9:13
    at file:///C:/Users/Julien%20Fritsch/Documents/GitHub/DooDates/node_modules/@radix-ui/react-primitive/dist/index.mjs:28:13
    at file:///C:/Users/Julien%20Fritsch/Documents/GitHub/DooDates/node_modules/@radix-ui/react-focus-scope/dist/index.mjs:15:5
    at file:///C:/Users/Julien%20Fritsch/Documents/GitHub/DooDates/node_modules/@radix-ui/react-dialog/dist/index.mjs:206:13
    at file:///C:/Users/Julien%20Fritsch/Documents/GitHub/DooDates/node_modules/@radix-ui/react-dialog/dist/index.mjs:132:58
    at Presence (file:///C:/Users/Julien%20Fritsch/Documents/GitHub/DooDates/node_modules/@radix-ui/react-presence/dist/index.mjs:19:11)
    at file:///C:/Users/Julien%20Fritsch/Documents/GitHub/DooDates/node_modules/@radix-ui/react-dialog/dist/index.mjs:123:64
    at Provider (file:///C:/Users/Julien%20Fritsch/Documents/GitHub/DooDates/node_modules/@radix-ui/react-context/dist/index.mjs:27:15)
    at Provider (file:///C:/Users/Julien%20Fritsch/Documents/GitHub/DooDates/node_modules/@radix-ui/react-context/dist/index.mjs:7:13)
    at file:///C:/Users/Julien%20Fritsch/Documents/GitHub/DooDates/node_modules/@radix-ui/react-alert-dialog/dist/index.mjs:53:13
    at file:///C:/Users/Julien%20Fritsch/Documents/GitHub/DooDates/node_modules/@radix-ui/react-primitive/node_modules/@radix-ui/react-slot/dist/index.mjs:33:13
    at file:///C:/Users/Julien%20Fritsch/Documents/GitHub/DooDates/node_modules/@radix-ui/react-primitive/node_modules/@radix-ui/react-slot/dist/index.mjs:9:13
    at file:///C:/Users/Julien%20Fritsch/Documents/GitHub/DooDates/node_modules/@radix-ui/react-primitive/dist/index.mjs:28:13
    at file:///C:/Users/Julien%20Fritsch/Documents/GitHub/DooDates/node_modules/@radix-ui/react-portal/dist/index.mjs:11:22
    at Presence (file:///C:/Users/Julien%20Fritsch/Documents/GitHub/DooDates/node_modules/@radix-ui/react-presence/dist/index.mjs:19:11)
    at Provider (file:///C:/Users/Julien%20Fritsch/Documents/GitHub/DooDates/node_modules/@radix-ui/react-context/dist/index.mjs:27:15)
    at DialogPortal (file:///C:/Users/Julien%20Fritsch/Documents/GitHub/DooDates/node_modules/@radix-ui/react-dialog/dist/index.mjs:85:11)
    at AlertDialogPortal (file:///C:/Users/Julien%20Fritsch/Documents/GitHub/DooDates/node_modules/@radix-ui/react-alert-dialog/dist/index.mjs:34:11)
    at C:\Users\Julien Fritsch\Documents\GitHub\DooDates\src\components\ui\alert-dialog.tsx:30:78
    at Provider (file:///C:/Users/Julien%20Fritsch/Documents/GitHub/DooDates/node_modules/@radix-ui/react-context/dist/index.mjs:27:15)
    at Dialog (file:///C:/Users/Julien%20Fritsch/Documents/GitHub/DooDates/node_modules/@radix-ui/react-dialog/dist/index.mjs:25:5)
    at AlertDialog (file:///C:/Users/Julien%20Fritsch/Documents/GitHub/DooDates/node_modules/@radix-ui/react-alert-dialog/dist/index.mjs:18:11)
    at DeleteDialog (C:\Users\Julien Fritsch\Documents\GitHub\DooDates\src\components\conversations\ConversationActions.tsx:162:25)
    at div
    at ConversationActions (C:\Users\Julien Fritsch\Documents\GitHub\DooDates\src\components\conversations\ConversationActions.tsx:275:32)

stderr | src/hooks/__tests__/useAutoSave.test.ts > useAutoSave > Error Handling > should handle title generation timeout errors
­ƒÜ¿ DooDates Error: {
  message: 'Erreur dans addMessage',
  name: 'DooDatesError',
  stack: 'DooDatesError: Erreur dans addMessage\n' +
    '    at Object.storage (C:\\Users\\Julien Fritsch\\Documents\\GitHub\\DooDates\\src\\lib\\error-handling.ts:141:5)\n' +
    '    at Object.addMessage (C:\\Users\\Julien Fritsch\\Documents\\GitHub\\DooDates\\src\\hooks\\useAutoSave.ts:697:24)',
  timestamp: '2025-11-21T08:47:54.146Z',
  context: {
    operation: 'useAutoSave.addMessage',
    metadata: {
      requestId: 'eb547235-5ce1-4727-9960-4254589369be',
      messageId: 'msg-1',
      error: Error: Timeout
          at Proxy.<anonymous> (C:\Users\Julien Fritsch\Documents\GitHub\DooDates\src\hooks\__tests__\useAutoSave.test.ts:377:15)
          at Proxy.mockCall (file:///C:/Users/Julien%20Fritsch/Documents/GitHub/DooDates/node_modules/@vitest/spy/dist/index.js:96:15)
          at Proxy.getConversation (file:///C:/Users/Julien%20Fritsch/Documents/GitHub/DooDates/node_modules/tinyspy/dist/index.js:47:80)
          at Object.addMessage (C:\Users\Julien Fritsch\Documents\GitHub\DooDates\src\hooks\useAutoSave.ts:441:48)
    }
  },
  severity: 'high',
  category: 'storage',
  userMessage: 'Impossible de sauvegarder le message'
}
ÔØî Ôä╣´©Å Failed to save message immediately Error: Timeout
    at Proxy.<anonymous> (C:\Users\Julien Fritsch\Documents\GitHub\DooDates\src\hooks\__tests__\useAutoSave.test.ts:377:15)
    at Proxy.mockCall (file:///C:/Users/Julien%20Fritsch/Documents/GitHub/DooDates/node_modules/@vitest/spy/dist/index.js:96:15)
    at Proxy.getConversation (file:///C:/Users/Julien%20Fritsch/Documents/GitHub/DooDates/node_modules/tinyspy/dist/index.js:47:80)
    at Object.addMessage (C:\Users\Julien Fritsch\Documents\GitHub\DooDates\src\hooks\useAutoSave.ts:441:48)

stderr | src/hooks/__tests__/useConversations.test.ts > useConversations > conversations list > should fetch and return conversations
ÔØî Ôä╣´©Å Erreur lors du chargement depuis Supabase, utilisation de localStorage Error: Storage error
    at C:\Users\Julien Fritsch\Documents\GitHub\DooDates\src\hooks\__tests__\useConversations.test.ts:100:72
    at file:///C:/Users/Julien%20Fritsch/Documents/GitHub/DooDates/node_modules/@vitest/runner/dist/chunk-hooks.js:155:11
    at file:///C:/Users/Julien%20Fritsch/Documents/GitHub/DooDates/node_modules/@vitest/runner/dist/chunk-hooks.js:1897:20
    at new Promise (<anonymous>)
    at runWithTimeout (file:///C:/Users/Julien%20Fritsch/Documents/GitHub/DooDates/node_modules/@vitest/runner/dist/chunk-hooks.js:1863:10)
    at runHook (file:///C:/Users/Julien%20Fritsch/Documents/GitHub/DooDates/node_modules/@vitest/runner/dist/chunk-hooks.js:1436:51)
    at callSuiteHook (file:///C:/Users/Julien%20Fritsch/Documents/GitHub/DooDates/node_modules/@vitest/runner/dist/chunk-hooks.js:1442:25)
    at callSuiteHook (file:///C:/Users/Julien%20Fritsch/Documents/GitHub/DooDates/node_modules/@vitest/runner/dist/chunk-hooks.js:1429:21)
    at runTest (file:///C:/Users/Julien%20Fritsch/Documents/GitHub/DooDates/node_modules/@vitest/runner/dist/chunk-hooks.js:1566:26)
    at runSuite (file:///C:/Users/Julien%20Fritsch/Documents/GitHub/DooDates/node_modules/@vitest/runner/dist/chunk-hooks.js:1729:8)

stderr | src/hooks/__tests__/useConversations.test.ts > useConversations > conversations list > should handle empty conversations list
ÔØî Ôä╣´©Å Erreur lors du chargement depuis Supabase, utilisation de localStorage Error: Storage error
    at C:\Users\Julien Fritsch\Documents\GitHub\DooDates\src\hooks\__tests__\useConversations.test.ts:100:72
    at file:///C:/Users/Julien%20Fritsch/Documents/GitHub/DooDates/node_modules/@vitest/runner/dist/chunk-hooks.js:155:11
    at file:///C:/Users/Julien%20Fritsch/Documents/GitHub/DooDates/node_modules/@vitest/runner/dist/chunk-hooks.js:1897:20
    at new Promise (<anonymous>)
    at runWithTimeout (file:///C:/Users/Julien%20Fritsch/Documents/GitHub/DooDates/node_modules/@vitest/runner/dist/chunk-hooks.js:1863:10)
    at runHook (file:///C:/Users/Julien%20Fritsch/Documents/GitHub/DooDates/node_modules/@vitest/runner/dist/chunk-hooks.js:1436:51)
    at callSuiteHook (file:///C:/Users/Julien%20Fritsch/Documents/GitHub/DooDates/node_modules/@vitest/runner/dist/chunk-hooks.js:1442:25)
    at callSuiteHook (file:///C:/Users/Julien%20Fritsch/Documents/GitHub/DooDates/node_modules/@vitest/runner/dist/chunk-hooks.js:1429:21)
    at runTest (file:///C:/Users/Julien%20Fritsch/Documents/GitHub/DooDates/node_modules/@vitest/runner/dist/chunk-hooks.js:1566:26)
    at runSuite (file:///C:/Users/Julien%20Fritsch/Documents/GitHub/DooDates/node_modules/@vitest/runner/dist/chunk-hooks.js:1729:8)

stderr | src/hooks/__tests__/useConversations.test.ts > useConversations > conversations list > should handle storage errors gracefully
ÔØî Ôä╣´©Å Erreur lors du chargement depuis Supabase, utilisation de localStorage Error: Storage error
    at C:\Users\Julien Fritsch\Documents\GitHub\DooDates\src\hooks\__tests__\useConversations.test.ts:100:72
    at file:///C:/Users/Julien%20Fritsch/Documents/GitHub/DooDates/node_modules/@vitest/runner/dist/chunk-hooks.js:155:11
    at file:///C:/Users/Julien%20Fritsch/Documents/GitHub/DooDates/node_modules/@vitest/runner/dist/chunk-hooks.js:1897:20
    at new Promise (<anonymous>)
    at runWithTimeout (file:///C:/Users/Julien%20Fritsch/Documents/GitHub/DooDates/node_modules/@vitest/runner/dist/chunk-hooks.js:1863:10)
    at runHook (file:///C:/Users/Julien%20Fritsch/Documents/GitHub/DooDates/node_modules/@vitest/runner/dist/chunk-hooks.js:1436:51)
    at callSuiteHook (file:///C:/Users/Julien%20Fritsch/Documents/GitHub/DooDates/node_modules/@vitest/runner/dist/chunk-hooks.js:1442:25)
    at callSuiteHook (file:///C:/Users/Julien%20Fritsch/Documents/GitHub/DooDates/node_modules/@vitest/runner/dist/chunk-hooks.js:1429:21)
    at runTest (file:///C:/Users/Julien%20Fritsch/Documents/GitHub/DooDates/node_modules/@vitest/runner/dist/chunk-hooks.js:1566:26)
    at runSuite (file:///C:/Users/Julien%20Fritsch/Documents/GitHub/DooDates/node_modules/@vitest/runner/dist/chunk-hooks.js:1729:8)
ÔØî Ôä╣´©Å [useConversations] Erreur chargement 

stderr | src/hooks/__tests__/useConversations.test.ts > useConversations > conversations list > should apply filters correctly
ÔØî Ôä╣´©Å Erreur lors du chargement depuis Supabase, utilisation de localStorage Error: Storage error
    at C:\Users\Julien Fritsch\Documents\GitHub\DooDates\src\hooks\__tests__\useConversations.test.ts:100:72
    at file:///C:/Users/Julien%20Fritsch/Documents/GitHub/DooDates/node_modules/@vitest/runner/dist/chunk-hooks.js:155:11
    at file:///C:/Users/Julien%20Fritsch/Documents/GitHub/DooDates/node_modules/@vitest/runner/dist/chunk-hooks.js:1897:20
    at new Promise (<anonymous>)
    at runWithTimeout (file:///C:/Users/Julien%20Fritsch/Documents/GitHub/DooDates/node_modules/@vitest/runner/dist/chunk-hooks.js:1863:10)
    at runHook (file:///C:/Users/Julien%20Fritsch/Documents/GitHub/DooDates/node_modules/@vitest/runner/dist/chunk-hooks.js:1436:51)
    at callSuiteHook (file:///C:/Users/Julien%20Fritsch/Documents/GitHub/DooDates/node_modules/@vitest/runner/dist/chunk-hooks.js:1442:25)
    at callSuiteHook (file:///C:/Users/Julien%20Fritsch/Documents/GitHub/DooDates/node_modules/@vitest/runner/dist/chunk-hooks.js:1429:21)
    at runTest (file:///C:/Users/Julien%20Fritsch/Documents/GitHub/DooDates/node_modules/@vitest/runner/dist/chunk-hooks.js:1566:26)
    at runSuite (file:///C:/Users/Julien%20Fritsch/Documents/GitHub/DooDates/node_modules/@vitest/runner/dist/chunk-hooks.js:1729:8)

stderr | src/hooks/__tests__/useConversations.test.ts > useConversations > conversations list > should handle pagination config
ÔØî Ôä╣´©Å Erreur lors du chargement depuis Supabase, utilisation de localStorage Error: Storage error
    at C:\Users\Julien Fritsch\Documents\GitHub\DooDates\src\hooks\__tests__\useConversations.test.ts:100:72
    at file:///C:/Users/Julien%20Fritsch/Documents/GitHub/DooDates/node_modules/@vitest/runner/dist/chunk-hooks.js:155:11
    at file:///C:/Users/Julien%20Fritsch/Documents/GitHub/DooDates/node_modules/@vitest/runner/dist/chunk-hooks.js:1897:20
    at new Promise (<anonymous>)
    at runWithTimeout (file:///C:/Users/Julien%20Fritsch/Documents/GitHub/DooDates/node_modules/@vitest/runner/dist/chunk-hooks.js:1863:10)
    at runHook (file:///C:/Users/Julien%20Fritsch/Documents/GitHub/DooDates/node_modules/@vitest/runner/dist/chunk-hooks.js:1436:51)
    at callSuiteHook (file:///C:/Users/Julien%20Fritsch/Documents/GitHub/DooDates/node_modules/@vitest/runner/dist/chunk-hooks.js:1442:25)
    at callSuiteHook (file:///C:/Users/Julien%20Fritsch/Documents/GitHub/DooDates/node_modules/@vitest/runner/dist/chunk-hooks.js:1429:21)
    at runTest (file:///C:/Users/Julien%20Fritsch/Documents/GitHub/DooDates/node_modules/@vitest/runner/dist/chunk-hooks.js:1566:26)
    at runSuite (file:///C:/Users/Julien%20Fritsch/Documents/GitHub/DooDates/node_modules/@vitest/runner/dist/chunk-hooks.js:1729:8)

stderr | src/hooks/__tests__/useConversations.test.ts > useConversations > single conversation > should return conversation and messages
ÔØî Ôä╣´©Å Erreur lors du chargement depuis Supabase, utilisation de localStorage Error: Storage error
    at C:\Users\Julien Fritsch\Documents\GitHub\DooDates\src\hooks\__tests__\useConversations.test.ts:100:72
    at file:///C:/Users/Julien%20Fritsch/Documents/GitHub/DooDates/node_modules/@vitest/runner/dist/chunk-hooks.js:155:11
    at file:///C:/Users/Julien%20Fritsch/Documents/GitHub/DooDates/node_modules/@vitest/runner/dist/chunk-hooks.js:1897:20
    at new Promise (<anonymous>)
    at runWithTimeout (file:///C:/Users/Julien%20Fritsch/Documents/GitHub/DooDates/node_modules/@vitest/runner/dist/chunk-hooks.js:1863:10)
    at runHook (file:///C:/Users/Julien%20Fritsch/Documents/GitHub/DooDates/node_modules/@vitest/runner/dist/chunk-hooks.js:1436:51)
    at callSuiteHook (file:///C:/Users/Julien%20Fritsch/Documents/GitHub/DooDates/node_modules/@vitest/runner/dist/chunk-hooks.js:1442:25)
    at callSuiteHook (file:///C:/Users/Julien%20Fritsch/Documents/GitHub/DooDates/node_modules/@vitest/runner/dist/chunk-hooks.js:1429:21)
    at runTest (file:///C:/Users/Julien%20Fritsch/Documents/GitHub/DooDates/node_modules/@vitest/runner/dist/chunk-hooks.js:1566:26)
    at runSuite (file:///C:/Users/Julien%20Fritsch/Documents/GitHub/DooDates/node_modules/@vitest/runner/dist/chunk-hooks.js:1729:8)

stderr | src/hooks/__tests__/useConversations.test.ts > useConversations > single conversation > should return conversation and messages
­ƒÜ¿ DooDates Error: {
  message: 'No authentication token found',
  name: 'DooDatesError',
  stack: 'DooDatesError: No authentication token found\n' +
    '    at Object.auth (C:\\Users\\Julien Fritsch\\Documents\\GitHub\\DooDates\\src\\lib\\error-handling.ts:144:5)\n' +
    '    at supabaseRestApi (C:\\Users\\Julien Fritsch\\Documents\\GitHub\\DooDates\\src\\lib\\supabaseApi.ts:123:24)\n' +
    '    at supabaseSelect (C:\\Users\\Julien Fritsch\\Documents\\GitHub\\DooDates\\src\\lib\\supabaseApi.ts:260:16)\n' +
    '    at getSupabaseConversation (C:\\Users\\Julien Fritsch\\Documents\\GitHub\\DooDates\\src\\lib\\storage\\ConversationStorageSupabase.ts:176:24)\n' +
    '    at queryFn (C:\\Users\\Julien Fritsch\\Documents\\GitHub\\DooDates\\src\\hooks\\useConversations.ts:341:40)',
  timestamp: '2025-11-21T08:47:56.128Z',
  context: {
    component: 'ConversationStorageSupabase',
    operation: 'getConversation'
  },
  severity: 'high',
  category: 'auth',
  userMessage: 'Please sign in to continue'
}
­ƒÜ¿ DooDates Error: {
  message: 'No authentication token found',
  name: 'DooDatesError',
  stack: 'DooDatesError: No authentication token found\n' +
    '    at Object.auth (C:\\Users\\Julien Fritsch\\Documents\\GitHub\\DooDates\\src\\lib\\error-handling.ts:144:5)\n' +
    '    at supabaseRestApi (C:\\Users\\Julien Fritsch\\Documents\\GitHub\\DooDates\\src\\lib\\supabaseApi.ts:123:24)\n' +
    '    at supabaseSelect (C:\\Users\\Julien Fritsch\\Documents\\GitHub\\DooDates\\src\\lib\\supabaseApi.ts:260:16)\n' +
    '    at getSupabaseConversation (C:\\Users\\Julien Fritsch\\Documents\\GitHub\\DooDates\\src\\lib\\storage\\ConversationStorageSupabase.ts:176:24)\n' +
    '    at queryFn (C:\\Users\\Julien Fritsch\\Documents\\GitHub\\DooDates\\src\\hooks\\useConversations.ts:341:40)',
  timestamp: '2025-11-21T08:47:56.129Z',
  context: {
    component: 'ConversationStorageSupabase',
    operation: 'getConversation',
    conversationId: 'conv-1'
  },
  severity: 'high',
  category: 'auth',
  userMessage: 'Please sign in to continue'
}
­ƒÜ¿ DooDates Error: {
  message: 'No authentication token found',
  name: 'DooDatesError',
  stack: 'DooDatesError: No authentication token found\n' +
    '    at Object.auth (C:\\Users\\Julien Fritsch\\Documents\\GitHub\\DooDates\\src\\lib\\error-handling.ts:144:5)\n' +
    '    at supabaseRestApi (C:\\Users\\Julien Fritsch\\Documents\\GitHub\\DooDates\\src\\lib\\supabaseApi.ts:123:24)\n' +
    '    at supabaseSelect (C:\\Users\\Julien Fritsch\\Documents\\GitHub\\DooDates\\src\\lib\\supabaseApi.ts:260:16)\n' +
    '    at getConversation (C:\\Users\\Julien Fritsch\\Documents\\GitHub\\DooDates\\src\\lib\\storage\\ConversationStorageSupabase.ts:176:24)\n' +
    '    at getSupabaseMessages (C:\\Users\\Julien Fritsch\\Documents\\GitHub\\DooDates\\src\\lib\\storage\\ConversationStorageSupabase.ts:488:32)\n' +
    '    at queryFn (C:\\Users\\Julien Fritsch\\Documents\\GitHub\\DooDates\\src\\hooks\\useConversations.ts:372:44)',
  timestamp: '2025-11-21T08:47:56.130Z',
  context: {
    component: 'ConversationStorageSupabase',
    operation: 'getConversation'
  },
  severity: 'high',
  category: 'auth',
  userMessage: 'Please sign in to continue'
}
­ƒÜ¿ DooDates Error: {
  message: 'No authentication token found',
  name: 'DooDatesError',
  stack: 'DooDatesError: No authentication token found\n' +
    '    at Object.auth (C:\\Users\\Julien Fritsch\\Documents\\GitHub\\DooDates\\src\\lib\\error-handling.ts:144:5)\n' +
    '    at supabaseRestApi (C:\\Users\\Julien Fritsch\\Documents\\GitHub\\DooDates\\src\\lib\\supabaseApi.ts:123:24)\n' +
    '    at supabaseSelect (C:\\Users\\Julien Fritsch\\Documents\\GitHub\\DooDates\\src\\lib\\supabaseApi.ts:260:16)\n' +
    '    at getConversation (C:\\Users\\Julien Fritsch\\Documents\\GitHub\\DooDates\\src\\lib\\storage\\ConversationStorageSupabase.ts:176:24)\n' +
    '    at getSupabaseMessages (C:\\Users\\Julien Fritsch\\Documents\\GitHub\\DooDates\\src\\lib\\storage\\ConversationStorageSupabase.ts:488:32)\n' +
    '    at queryFn (C:\\Users\\Julien Fritsch\\Documents\\GitHub\\DooDates\\src\\hooks\\useConversations.ts:372:44)',
  timestamp: '2025-11-21T08:47:56.131Z',
  context: {
    component: 'ConversationStorageSupabase',
    operation: 'getConversation',
    conversationId: 'conv-1'
  },
  severity: 'high',
  category: 'auth',
  userMessage: 'Please sign in to continue'
}
ÔØî Ôä╣´©Å Erreur lors du chargement depuis Supabase, utilisation de localStorage DooDatesError: No authentication token found
    at Object.auth (C:\Users\Julien Fritsch\Documents\GitHub\DooDates\src\lib\error-handling.ts:144:5)
    at supabaseRestApi (C:\Users\Julien Fritsch\Documents\GitHub\DooDates\src\lib\supabaseApi.ts:123:24)
    at supabaseSelect (C:\Users\Julien Fritsch\Documents\GitHub\DooDates\src\lib\supabaseApi.ts:260:16)
    at getSupabaseConversation (C:\Users\Julien Fritsch\Documents\GitHub\DooDates\src\lib\storage\ConversationStorageSupabase.ts:176:24)
    at queryFn (C:\Users\Julien Fritsch\Documents\GitHub\DooDates\src\hooks\useConversations.ts:341:40) {
  severity: 'high',
  category: 'auth',
  context: {},
  timestamp: '2025-11-21T08:47:56.117Z',
  userMessage: 'Please sign in to continue'
}
­ƒÜ¿ DooDates Error: {
  message: 'No authentication token found',
  name: 'DooDatesError',
  stack: 'DooDatesError: No authentication token found\n' +
    '    at Object.auth (C:\\Users\\Julien Fritsch\\Documents\\GitHub\\DooDates\\src\\lib\\error-handling.ts:144:5)\n' +
    '    at supabaseRestApi (C:\\Users\\Julien Fritsch\\Documents\\GitHub\\DooDates\\src\\lib\\supabaseApi.ts:123:24)\n' +
    '    at supabaseSelect (C:\\Users\\Julien Fritsch\\Documents\\GitHub\\DooDates\\src\\lib\\supabaseApi.ts:260:16)\n' +
    '    at getConversation (C:\\Users\\Julien Fritsch\\Documents\\GitHub\\DooDates\\src\\lib\\storage\\ConversationStorageSupabase.ts:176:24)\n' +
    '    at getSupabaseMessages (C:\\Users\\Julien Fritsch\\Documents\\GitHub\\DooDates\\src\\lib\\storage\\ConversationStorageSupabase.ts:488:32)\n' +
    '    at queryFn (C:\\Users\\Julien Fritsch\\Documents\\GitHub\\DooDates\\src\\hooks\\useConversations.ts:372:44)',
  timestamp: '2025-11-21T08:47:56.131Z',
  context: {
    component: 'ConversationStorageSupabase',
    operation: 'getMessages'
  },
  severity: 'high',
  category: 'auth',
  userMessage: 'Please sign in to continue'
}
­ƒÜ¿ DooDates Error: {
  message: 'No authentication token found',
  name: 'DooDatesError',
  stack: 'DooDatesError: No authentication token found\n' +
    '    at Object.auth (C:\\Users\\Julien Fritsch\\Documents\\GitHub\\DooDates\\src\\lib\\error-handling.ts:144:5)\n' +
    '    at supabaseRestApi (C:\\Users\\Julien Fritsch\\Documents\\GitHub\\DooDates\\src\\lib\\supabaseApi.ts:123:24)\n' +
    '    at supabaseSelect (C:\\Users\\Julien Fritsch\\Documents\\GitHub\\DooDates\\src\\lib\\supabaseApi.ts:260:16)\n' +
    '    at getConversation (C:\\Users\\Julien Fritsch\\Documents\\GitHub\\DooDates\\src\\lib\\storage\\ConversationStorageSupabase.ts:176:24)\n' +
    '    at getSupabaseMessages (C:\\Users\\Julien Fritsch\\Documents\\GitHub\\DooDates\\src\\lib\\storage\\ConversationStorageSupabase.ts:488:32)\n' +
    '    at queryFn (C:\\Users\\Julien Fritsch\\Documents\\GitHub\\DooDates\\src\\hooks\\useConversations.ts:372:44)',
  timestamp: '2025-11-21T08:47:56.132Z',
  context: {
    component: 'ConversationStorageSupabase',
    operation: 'getMessages',
    conversationId: 'conv-1'
  },
  severity: 'high',
  category: 'auth',
  userMessage: 'Please sign in to continue'
}

stderr | src/hooks/__tests__/useConversations.test.ts > useConversations > single conversation > should return conversation and messages
ÔØî Ôä╣´©Å Erreur lors du chargement des messages depuis Supabase, utilisation de localStorage DooDatesError: No authentication token found
    at Object.auth (C:\Users\Julien Fritsch\Documents\GitHub\DooDates\src\lib\error-handling.ts:144:5)
    at supabaseRestApi (C:\Users\Julien Fritsch\Documents\GitHub\DooDates\src\lib\supabaseApi.ts:123:24)
    at supabaseSelect (C:\Users\Julien Fritsch\Documents\GitHub\DooDates\src\lib\supabaseApi.ts:260:16)
    at getConversation (C:\Users\Julien Fritsch\Documents\GitHub\DooDates\src\lib\storage\ConversationStorageSupabase.ts:176:24)
    at getSupabaseMessages (C:\Users\Julien Fritsch\Documents\GitHub\DooDates\src\lib\storage\ConversationStorageSupabase.ts:488:32)
    at queryFn (C:\Users\Julien Fritsch\Documents\GitHub\DooDates\src\hooks\useConversations.ts:372:44) {
  severity: 'high',
  category: 'auth',
  context: {},
  timestamp: '2025-11-21T08:47:56.118Z',
  userMessage: 'Please sign in to continue'
}

stderr | src/hooks/__tests__/useConversations.test.ts > useConversations > CRUD operations > should create conversation
ÔØî Ôä╣´©Å Erreur lors du chargement depuis Supabase, utilisation de localStorage Error: Storage error
    at C:\Users\Julien Fritsch\Documents\GitHub\DooDates\src\hooks\__tests__\useConversations.test.ts:100:72
    at file:///C:/Users/Julien%20Fritsch/Documents/GitHub/DooDates/node_modules/@vitest/runner/dist/chunk-hooks.js:155:11
    at file:///C:/Users/Julien%20Fritsch/Documents/GitHub/DooDates/node_modules/@vitest/runner/dist/chunk-hooks.js:1897:20
    at new Promise (<anonymous>)
    at runWithTimeout (file:///C:/Users/Julien%20Fritsch/Documents/GitHub/DooDates/node_modules/@vitest/runner/dist/chunk-hooks.js:1863:10)
    at runHook (file:///C:/Users/Julien%20Fritsch/Documents/GitHub/DooDates/node_modules/@vitest/runner/dist/chunk-hooks.js:1436:51)
    at callSuiteHook (file:///C:/Users/Julien%20Fritsch/Documents/GitHub/DooDates/node_modules/@vitest/runner/dist/chunk-hooks.js:1442:25)
    at callSuiteHook (file:///C:/Users/Julien%20Fritsch/Documents/GitHub/DooDates/node_modules/@vitest/runner/dist/chunk-hooks.js:1429:21)
    at runTest (file:///C:/Users/Julien%20Fritsch/Documents/GitHub/DooDates/node_modules/@vitest/runner/dist/chunk-hooks.js:1566:26)
    at runSuite (file:///C:/Users/Julien%20Fritsch/Documents/GitHub/DooDates/node_modules/@vitest/runner/dist/chunk-hooks.js:1729:8)

stderr | src/hooks/__tests__/useConversations.test.ts > useConversations > CRUD operations > should create conversation
­ƒÜ¿ DooDates Error: {
  message: 'Erreur consommation serveur',
  name: 'DooDatesError',
  stack: 'DooDatesError: Erreur consommation serveur\n' +
    '    at Object.storage (C:\\Users\\Julien Fritsch\\Documents\\GitHub\\DooDates\\src\\lib\\error-handling.ts:141:5)\n' +
    '    at consumeCredits (C:\\Users\\Julien Fritsch\\Documents\\GitHub\\DooDates\\src\\lib\\quotaTracking.ts:680:24)\n' +
    '    at incrementConversationCreated (C:\\Users\\Julien Fritsch\\Documents\\GitHub\\DooDates\\src\\lib\\quotaTracking.ts:802:3)\n' +
    '    at Object.mutationFn (C:\\Users\\Julien Fritsch\\Documents\\GitHub\\DooDates\\src\\hooks\\useConversations.ts:443:7)',
  timestamp: '2025-11-21T08:47:56.308Z',
  context: {
    metadata: {
      error: [DooDatesError],
      action: 'conversation_created',
      credits: 1,
      userId: 'test-user-id'
    }
  },
  severity: 'high',
  category: 'storage',
  userMessage: 'Une erreur est survenue lors de la consommation des cr├®dits'
}
ÔÜá´©Å ­ƒÆ│ Erreur consommation serveur, fallback localStorage { error: 'No authentication token found' }

stderr | src/hooks/__tests__/useConversations.test.ts > useConversations > CRUD operations > should create conversation
ÔØî Ôä╣´©Å Erreur lors de la cr├®ation dans Supabase, utilisation de localStorage Error: Storage error
    at C:\Users\Julien Fritsch\Documents\GitHub\DooDates\src\hooks\__tests__\useConversations.test.ts:105:7
    at file:///C:/Users/Julien%20Fritsch/Documents/GitHub/DooDates/node_modules/@vitest/runner/dist/chunk-hooks.js:155:11
    at file:///C:/Users/Julien%20Fritsch/Documents/GitHub/DooDates/node_modules/@vitest/runner/dist/chunk-hooks.js:1897:20
    at new Promise (<anonymous>)
    at runWithTimeout (file:///C:/Users/Julien%20Fritsch/Documents/GitHub/DooDates/node_modules/@vitest/runner/dist/chunk-hooks.js:1863:10)
    at runHook (file:///C:/Users/Julien%20Fritsch/Documents/GitHub/DooDates/node_modules/@vitest/runner/dist/chunk-hooks.js:1436:51)
    at callSuiteHook (file:///C:/Users/Julien%20Fritsch/Documents/GitHub/DooDates/node_modules/@vitest/runner/dist/chunk-hooks.js:1442:25)
    at callSuiteHook (file:///C:/Users/Julien%20Fritsch/Documents/GitHub/DooDates/node_modules/@vitest/runner/dist/chunk-hooks.js:1429:21)
    at runTest (file:///C:/Users/Julien%20Fritsch/Documents/GitHub/DooDates/node_modules/@vitest/runner/dist/chunk-hooks.js:1566:26)
    at runSuite (file:///C:/Users/Julien%20Fritsch/Documents/GitHub/DooDates/node_modules/@vitest/runner/dist/chunk-hooks.js:1729:8)

stderr | src/hooks/__tests__/useConversations.test.ts > useConversations > CRUD operations > should create conversation
ÔØî Ôä╣´©Å Erreur lors du chargement depuis Supabase, utilisation de localStorage Error: Storage error
    at C:\Users\Julien Fritsch\Documents\GitHub\DooDates\src\hooks\__tests__\useConversations.test.ts:100:72
    at file:///C:/Users/Julien%20Fritsch/Documents/GitHub/DooDates/node_modules/@vitest/runner/dist/chunk-hooks.js:155:11
    at file:///C:/Users/Julien%20Fritsch/Documents/GitHub/DooDates/node_modules/@vitest/runner/dist/chunk-hooks.js:1897:20
    at new Promise (<anonymous>)
    at runWithTimeout (file:///C:/Users/Julien%20Fritsch/Documents/GitHub/DooDates/node_modules/@vitest/runner/dist/chunk-hooks.js:1863:10)
    at runHook (file:///C:/Users/Julien%20Fritsch/Documents/GitHub/DooDates/node_modules/@vitest/runner/dist/chunk-hooks.js:1436:51)
    at callSuiteHook (file:///C:/Users/Julien%20Fritsch/Documents/GitHub/DooDates/node_modules/@vitest/runner/dist/chunk-hooks.js:1442:25)
    at callSuiteHook (file:///C:/Users/Julien%20Fritsch/Documents/GitHub/DooDates/node_modules/@vitest/runner/dist/chunk-hooks.js:1429:21)
    at runTest (file:///C:/Users/Julien%20Fritsch/Documents/GitHub/DooDates/node_modules/@vitest/runner/dist/chunk-hooks.js:1566:26)
    at runSuite (file:///C:/Users/Julien%20Fritsch/Documents/GitHub/DooDates/node_modules/@vitest/runner/dist/chunk-hooks.js:1729:8)

stderr | src/hooks/__tests__/useConversations.test.ts > useConversations > CRUD operations > should create conversation
­ƒÜ¿ DooDates Error: {
  message: 'No authentication token found',
  name: 'DooDatesError',
  stack: 'DooDatesError: No authentication token found\n' +
    '    at Object.auth (C:\\Users\\Julien Fritsch\\Documents\\GitHub\\DooDates\\src\\lib\\error-handling.ts:144:5)\n' +
    '    at supabaseRestApi (C:\\Users\\Julien Fritsch\\Documents\\GitHub\\DooDates\\src\\lib\\supabaseApi.ts:123:24)\n' +
    '    at supabaseSelect (C:\\Users\\Julien Fritsch\\Documents\\GitHub\\DooDates\\src\\lib\\supabaseApi.ts:260:16)\n' +
    '    at getSupabaseConversations (C:\\Users\\Julien Fritsch\\Documents\\GitHub\\DooDates\\src\\lib\\storage\\ConversationStorageSupabase.ts:104:24)\n' +
    '    at queryFn (C:\\Users\\Julien Fritsch\\Documents\\GitHub\\DooDates\\src\\hooks\\useConversations.ts:153:49)\n' +
    '    at fetchPage (file:///C:/Users/Julien%20Fritsch/Documents/GitHub/DooDates/node_modules/@tanstack/query-core/build/modern/infiniteQueryBehavior.js:49:24)\n' +
    '    at Object.fetchFn [as fn] (file:///C:/Users/Julien%20Fritsch/Documents/GitHub/DooDates/node_modules/@tanstack/query-core/build/modern/infiniteQueryBehavior.js:73:22)',
  timestamp: '2025-11-21T08:47:56.323Z',
  context: {
    component: 'ConversationStorageSupabase',
    operation: 'getConversations'
  },
  severity: 'high',
  category: 'auth',
  userMessage: 'Please sign in to continue'
}
­ƒÜ¿ DooDates Error: {
  message: 'No authentication token found',
  name: 'DooDatesError',
  stack: 'DooDatesError: No authentication token found\n' +
    '    at Object.auth (C:\\Users\\Julien Fritsch\\Documents\\GitHub\\DooDates\\src\\lib\\error-handling.ts:144:5)\n' +
    '    at supabaseRestApi (C:\\Users\\Julien Fritsch\\Documents\\GitHub\\DooDates\\src\\lib\\supabaseApi.ts:123:24)\n' +
    '    at supabaseSelect (C:\\Users\\Julien Fritsch\\Documents\\GitHub\\DooDates\\src\\lib\\supabaseApi.ts:260:16)\n' +
    '    at getSupabaseConversations (C:\\Users\\Julien Fritsch\\Documents\\GitHub\\DooDates\\src\\lib\\storage\\ConversationStorageSupabase.ts:104:24)\n' +
    '    at queryFn (C:\\Users\\Julien Fritsch\\Documents\\GitHub\\DooDates\\src\\hooks\\useConversations.ts:153:49)\n' +
    '    at fetchPage (file:///C:/Users/Julien%20Fritsch/Documents/GitHub/DooDates/node_modules/@tanstack/query-core/build/modern/infiniteQueryBehavior.js:49:24)\n' +
    '    at Object.fetchFn [as fn] (file:///C:/Users/Julien%20Fritsch/Documents/GitHub/DooDates/node_modules/@tanstack/query-core/build/modern/infiniteQueryBehavior.js:73:22)',
  timestamp: '2025-11-21T08:47:56.323Z',
  context: {
    component: 'ConversationStorageSupabase',
    operation: 'getConversations'
  },
  severity: 'high',
  category: 'auth',
  userMessage: 'Please sign in to continue'
}

stderr | src/hooks/__tests__/useConversations.test.ts > useConversations > CRUD operations > should create conversation
ÔØî Ôä╣´©Å Erreur lors du chargement depuis Supabase, utilisation de localStorage DooDatesError: No authentication token found
    at Object.auth (C:\Users\Julien Fritsch\Documents\GitHub\DooDates\src\lib\error-handling.ts:144:5)
    at supabaseRestApi (C:\Users\Julien Fritsch\Documents\GitHub\DooDates\src\lib\supabaseApi.ts:123:24)
    at supabaseSelect (C:\Users\Julien Fritsch\Documents\GitHub\DooDates\src\lib\supabaseApi.ts:260:16)
    at getSupabaseConversations (C:\Users\Julien Fritsch\Documents\GitHub\DooDates\src\lib\storage\ConversationStorageSupabase.ts:104:24)
    at queryFn (C:\Users\Julien Fritsch\Documents\GitHub\DooDates\src\hooks\useConversations.ts:153:49)
    at fetchPage (file:///C:/Users/Julien%20Fritsch/Documents/GitHub/DooDates/node_modules/@tanstack/query-core/build/modern/infiniteQueryBehavior.js:49:24)
    at Object.fetchFn [as fn] (file:///C:/Users/Julien%20Fritsch/Documents/GitHub/DooDates/node_modules/@tanstack/query-core/build/modern/infiniteQueryBehavior.js:73:22) {
  severity: 'high',
  category: 'auth',
  context: {},
  timestamp: '2025-11-21T08:47:56.322Z',
  userMessage: 'Please sign in to continue'
}

stderr | src/hooks/__tests__/useConversations.test.ts > useConversations > CRUD operations > should update conversation
ÔØî Ôä╣´©Å Erreur lors du chargement depuis Supabase, utilisation de localStorage Error: Storage error
    at C:\Users\Julien Fritsch\Documents\GitHub\DooDates\src\hooks\__tests__\useConversations.test.ts:100:72
    at file:///C:/Users/Julien%20Fritsch/Documents/GitHub/DooDates/node_modules/@vitest/runner/dist/chunk-hooks.js:155:11
    at file:///C:/Users/Julien%20Fritsch/Documents/GitHub/DooDates/node_modules/@vitest/runner/dist/chunk-hooks.js:1897:20
    at new Promise (<anonymous>)
    at runWithTimeout (file:///C:/Users/Julien%20Fritsch/Documents/GitHub/DooDates/node_modules/@vitest/runner/dist/chunk-hooks.js:1863:10)
    at runHook (file:///C:/Users/Julien%20Fritsch/Documents/GitHub/DooDates/node_modules/@vitest/runner/dist/chunk-hooks.js:1436:51)
    at callSuiteHook (file:///C:/Users/Julien%20Fritsch/Documents/GitHub/DooDates/node_modules/@vitest/runner/dist/chunk-hooks.js:1442:25)
    at callSuiteHook (file:///C:/Users/Julien%20Fritsch/Documents/GitHub/DooDates/node_modules/@vitest/runner/dist/chunk-hooks.js:1429:21)
    at runTest (file:///C:/Users/Julien%20Fritsch/Documents/GitHub/DooDates/node_modules/@vitest/runner/dist/chunk-hooks.js:1566:26)
    at runSuite (file:///C:/Users/Julien%20Fritsch/Documents/GitHub/DooDates/node_modules/@vitest/runner/dist/chunk-hooks.js:1729:8)

stderr | src/hooks/__tests__/useConversations.test.ts > useConversations > CRUD operations > should update conversation
ÔØî Ôä╣´©Å Erreur lors du chargement depuis Supabase, utilisation de localStorage Error: Storage error
    at C:\Users\Julien Fritsch\Documents\GitHub\DooDates\src\hooks\__tests__\useConversations.test.ts:100:72
    at file:///C:/Users/Julien%20Fritsch/Documents/GitHub/DooDates/node_modules/@vitest/runner/dist/chunk-hooks.js:155:11
    at file:///C:/Users/Julien%20Fritsch/Documents/GitHub/DooDates/node_modules/@vitest/runner/dist/chunk-hooks.js:1897:20
    at new Promise (<anonymous>)
    at runWithTimeout (file:///C:/Users/Julien%20Fritsch/Documents/GitHub/DooDates/node_modules/@vitest/runner/dist/chunk-hooks.js:1863:10)
    at runHook (file:///C:/Users/Julien%20Fritsch/Documents/GitHub/DooDates/node_modules/@vitest/runner/dist/chunk-hooks.js:1436:51)
    at callSuiteHook (file:///C:/Users/Julien%20Fritsch/Documents/GitHub/DooDates/node_modules/@vitest/runner/dist/chunk-hooks.js:1442:25)
    at callSuiteHook (file:///C:/Users/Julien%20Fritsch/Documents/GitHub/DooDates/node_modules/@vitest/runner/dist/chunk-hooks.js:1429:21)
    at runTest (file:///C:/Users/Julien%20Fritsch/Documents/GitHub/DooDates/node_modules/@vitest/runner/dist/chunk-hooks.js:1566:26)
    at runSuite (file:///C:/Users/Julien%20Fritsch/Documents/GitHub/DooDates/node_modules/@vitest/runner/dist/chunk-hooks.js:1729:8)

stderr | src/hooks/__tests__/useConversations.test.ts > useConversations > CRUD operations > should delete conversation
ÔØî Ôä╣´©Å Erreur lors du chargement depuis Supabase, utilisation de localStorage Error: Storage error
    at C:\Users\Julien Fritsch\Documents\GitHub\DooDates\src\hooks\__tests__\useConversations.test.ts:100:72
    at file:///C:/Users/Julien%20Fritsch/Documents/GitHub/DooDates/node_modules/@vitest/runner/dist/chunk-hooks.js:155:11
    at file:///C:/Users/Julien%20Fritsch/Documents/GitHub/DooDates/node_modules/@vitest/runner/dist/chunk-hooks.js:1897:20
    at new Promise (<anonymous>)
    at runWithTimeout (file:///C:/Users/Julien%20Fritsch/Documents/GitHub/DooDates/node_modules/@vitest/runner/dist/chunk-hooks.js:1863:10)
    at runHook (file:///C:/Users/Julien%20Fritsch/Documents/GitHub/DooDates/node_modules/@vitest/runner/dist/chunk-hooks.js:1436:51)
    at callSuiteHook (file:///C:/Users/Julien%20Fritsch/Documents/GitHub/DooDates/node_modules/@vitest/runner/dist/chunk-hooks.js:1442:25)
    at callSuiteHook (file:///C:/Users/Julien%20Fritsch/Documents/GitHub/DooDates/node_modules/@vitest/runner/dist/chunk-hooks.js:1429:21)
    at runTest (file:///C:/Users/Julien%20Fritsch/Documents/GitHub/DooDates/node_modules/@vitest/runner/dist/chunk-hooks.js:1566:26)
    at runSuite (file:///C:/Users/Julien%20Fritsch/Documents/GitHub/DooDates/node_modules/@vitest/runner/dist/chunk-hooks.js:1729:8)

stderr | src/hooks/__tests__/useConversations.test.ts > useConversations > CRUD operations > should delete conversation
ÔØî Ôä╣´©Å Erreur lors du chargement depuis Supabase, utilisation de localStorage Error: Storage error
    at C:\Users\Julien Fritsch\Documents\GitHub\DooDates\src\hooks\__tests__\useConversations.test.ts:100:72
    at file:///C:/Users/Julien%20Fritsch/Documents/GitHub/DooDates/node_modules/@vitest/runner/dist/chunk-hooks.js:155:11
    at file:///C:/Users/Julien%20Fritsch/Documents/GitHub/DooDates/node_modules/@vitest/runner/dist/chunk-hooks.js:1897:20
    at new Promise (<anonymous>)
    at runWithTimeout (file:///C:/Users/Julien%20Fritsch/Documents/GitHub/DooDates/node_modules/@vitest/runner/dist/chunk-hooks.js:1863:10)
    at runHook (file:///C:/Users/Julien%20Fritsch/Documents/GitHub/DooDates/node_modules/@vitest/runner/dist/chunk-hooks.js:1436:51)
    at callSuiteHook (file:///C:/Users/Julien%20Fritsch/Documents/GitHub/DooDates/node_modules/@vitest/runner/dist/chunk-hooks.js:1442:25)
    at callSuiteHook (file:///C:/Users/Julien%20Fritsch/Documents/GitHub/DooDates/node_modules/@vitest/runner/dist/chunk-hooks.js:1429:21)
    at runTest (file:///C:/Users/Julien%20Fritsch/Documents/GitHub/DooDates/node_modules/@vitest/runner/dist/chunk-hooks.js:1566:26)
    at runSuite (file:///C:/Users/Julien%20Fritsch/Documents/GitHub/DooDates/node_modules/@vitest/runner/dist/chunk-hooks.js:1729:8)

stderr | src/hooks/__tests__/useConversations.test.ts > useConversations > CRUD operations > should add message to conversation
ÔØî Ôä╣´©Å Erreur lors du chargement depuis Supabase, utilisation de localStorage Error: Storage error
    at C:\Users\Julien Fritsch\Documents\GitHub\DooDates\src\hooks\__tests__\useConversations.test.ts:100:72
    at file:///C:/Users/Julien%20Fritsch/Documents/GitHub/DooDates/node_modules/@vitest/runner/dist/chunk-hooks.js:155:11
    at file:///C:/Users/Julien%20Fritsch/Documents/GitHub/DooDates/node_modules/@vitest/runner/dist/chunk-hooks.js:1897:20
    at new Promise (<anonymous>)
    at runWithTimeout (file:///C:/Users/Julien%20Fritsch/Documents/GitHub/DooDates/node_modules/@vitest/runner/dist/chunk-hooks.js:1863:10)
    at runHook (file:///C:/Users/Julien%20Fritsch/Documents/GitHub/DooDates/node_modules/@vitest/runner/dist/chunk-hooks.js:1436:51)
    at callSuiteHook (file:///C:/Users/Julien%20Fritsch/Documents/GitHub/DooDates/node_modules/@vitest/runner/dist/chunk-hooks.js:1442:25)
    at callSuiteHook (file:///C:/Users/Julien%20Fritsch/Documents/GitHub/DooDates/node_modules/@vitest/runner/dist/chunk-hooks.js:1429:21)
    at runTest (file:///C:/Users/Julien%20Fritsch/Documents/GitHub/DooDates/node_modules/@vitest/runner/dist/chunk-hooks.js:1566:26)
    at runSuite (file:///C:/Users/Julien%20Fritsch/Documents/GitHub/DooDates/node_modules/@vitest/runner/dist/chunk-hooks.js:1729:8)

stderr | src/hooks/__tests__/useConversations.test.ts > useConversations > CRUD operations > should add message to conversation
ÔØî Ôä╣´©Å Erreur lors du chargement depuis Supabase, utilisation de localStorage Error: Storage error
    at C:\Users\Julien Fritsch\Documents\GitHub\DooDates\src\hooks\__tests__\useConversations.test.ts:100:72
    at file:///C:/Users/Julien%20Fritsch/Documents/GitHub/DooDates/node_modules/@vitest/runner/dist/chunk-hooks.js:155:11
    at file:///C:/Users/Julien%20Fritsch/Documents/GitHub/DooDates/node_modules/@vitest/runner/dist/chunk-hooks.js:1897:20
    at new Promise (<anonymous>)
    at runWithTimeout (file:///C:/Users/Julien%20Fritsch/Documents/GitHub/DooDates/node_modules/@vitest/runner/dist/chunk-hooks.js:1863:10)
    at runHook (file:///C:/Users/Julien%20Fritsch/Documents/GitHub/DooDates/node_modules/@vitest/runner/dist/chunk-hooks.js:1436:51)
    at callSuiteHook (file:///C:/Users/Julien%20Fritsch/Documents/GitHub/DooDates/node_modules/@vitest/runner/dist/chunk-hooks.js:1442:25)
    at callSuiteHook (file:///C:/Users/Julien%20Fritsch/Documents/GitHub/DooDates/node_modules/@vitest/runner/dist/chunk-hooks.js:1429:21)
    at runTest (file:///C:/Users/Julien%20Fritsch/Documents/GitHub/DooDates/node_modules/@vitest/runner/dist/chunk-hooks.js:1566:26)
    at runSuite (file:///C:/Users/Julien%20Fritsch/Documents/GitHub/DooDates/node_modules/@vitest/runner/dist/chunk-hooks.js:1729:8)

stderr | src/hooks/__tests__/useConversations.test.ts > useConversations > utilities > should search conversations
ÔØî Ôä╣´©Å Erreur lors du chargement depuis Supabase, utilisation de localStorage Error: Storage error
    at C:\Users\Julien Fritsch\Documents\GitHub\DooDates\src\hooks\__tests__\useConversations.test.ts:100:72
    at file:///C:/Users/Julien%20Fritsch/Documents/GitHub/DooDates/node_modules/@vitest/runner/dist/chunk-hooks.js:155:11
    at file:///C:/Users/Julien%20Fritsch/Documents/GitHub/DooDates/node_modules/@vitest/runner/dist/chunk-hooks.js:1897:20
    at new Promise (<anonymous>)
    at runWithTimeout (file:///C:/Users/Julien%20Fritsch/Documents/GitHub/DooDates/node_modules/@vitest/runner/dist/chunk-hooks.js:1863:10)
    at runHook (file:///C:/Users/Julien%20Fritsch/Documents/GitHub/DooDates/node_modules/@vitest/runner/dist/chunk-hooks.js:1436:51)
    at callSuiteHook (file:///C:/Users/Julien%20Fritsch/Documents/GitHub/DooDates/node_modules/@vitest/runner/dist/chunk-hooks.js:1442:25)
    at callSuiteHook (file:///C:/Users/Julien%20Fritsch/Documents/GitHub/DooDates/node_modules/@vitest/runner/dist/chunk-hooks.js:1429:21)
    at runTest (file:///C:/Users/Julien%20Fritsch/Documents/GitHub/DooDates/node_modules/@vitest/runner/dist/chunk-hooks.js:1566:26)
    at runSuite (file:///C:/Users/Julien%20Fritsch/Documents/GitHub/DooDates/node_modules/@vitest/runner/dist/chunk-hooks.js:1729:8)

stderr | src/hooks/__tests__/useConversations.test.ts > useConversations > utilities > should refresh conversations
ÔØî Ôä╣´©Å Erreur lors du chargement depuis Supabase, utilisation de localStorage Error: Storage error
    at C:\Users\Julien Fritsch\Documents\GitHub\DooDates\src\hooks\__tests__\useConversations.test.ts:100:72
    at file:///C:/Users/Julien%20Fritsch/Documents/GitHub/DooDates/node_modules/@vitest/runner/dist/chunk-hooks.js:155:11
    at file:///C:/Users/Julien%20Fritsch/Documents/GitHub/DooDates/node_modules/@vitest/runner/dist/chunk-hooks.js:1897:20
    at new Promise (<anonymous>)
    at runWithTimeout (file:///C:/Users/Julien%20Fritsch/Documents/GitHub/DooDates/node_modules/@vitest/runner/dist/chunk-hooks.js:1863:10)
    at runHook (file:///C:/Users/Julien%20Fritsch/Documents/GitHub/DooDates/node_modules/@vitest/runner/dist/chunk-hooks.js:1436:51)
    at callSuiteHook (file:///C:/Users/Julien%20Fritsch/Documents/GitHub/DooDates/node_modules/@vitest/runner/dist/chunk-hooks.js:1442:25)
    at callSuiteHook (file:///C:/Users/Julien%20Fritsch/Documents/GitHub/DooDates/node_modules/@vitest/runner/dist/chunk-hooks.js:1429:21)
    at runTest (file:///C:/Users/Julien%20Fritsch/Documents/GitHub/DooDates/node_modules/@vitest/runner/dist/chunk-hooks.js:1566:26)
    at runSuite (file:///C:/Users/Julien%20Fritsch/Documents/GitHub/DooDates/node_modules/@vitest/runner/dist/chunk-hooks.js:1729:8)

stderr | src/hooks/__tests__/useConversations.test.ts > useConversations > utilities > should refresh conversations
ÔØî Ôä╣´©Å Erreur lors du chargement depuis Supabase, utilisation de localStorage Error: Storage error
    at C:\Users\Julien Fritsch\Documents\GitHub\DooDates\src\hooks\__tests__\useConversations.test.ts:100:72
    at file:///C:/Users/Julien%20Fritsch/Documents/GitHub/DooDates/node_modules/@vitest/runner/dist/chunk-hooks.js:155:11
    at file:///C:/Users/Julien%20Fritsch/Documents/GitHub/DooDates/node_modules/@vitest/runner/dist/chunk-hooks.js:1897:20
    at new Promise (<anonymous>)
    at runWithTimeout (file:///C:/Users/Julien%20Fritsch/Documents/GitHub/DooDates/node_modules/@vitest/runner/dist/chunk-hooks.js:1863:10)
    at runHook (file:///C:/Users/Julien%20Fritsch/Documents/GitHub/DooDates/node_modules/@vitest/runner/dist/chunk-hooks.js:1436:51)
    at callSuiteHook (file:///C:/Users/Julien%20Fritsch/Documents/GitHub/DooDates/node_modules/@vitest/runner/dist/chunk-hooks.js:1442:25)
    at callSuiteHook (file:///C:/Users/Julien%20Fritsch/Documents/GitHub/DooDates/node_modules/@vitest/runner/dist/chunk-hooks.js:1429:21)
    at runTest (file:///C:/Users/Julien%20Fritsch/Documents/GitHub/DooDates/node_modules/@vitest/runner/dist/chunk-hooks.js:1566:26)
    at runSuite (file:///C:/Users/Julien%20Fritsch/Documents/GitHub/DooDates/node_modules/@vitest/runner/dist/chunk-hooks.js:1729:8)

stderr | src/hooks/__tests__/useConversations.test.ts > useConversations > configuration > should respect configuration options
ÔØî Ôä╣´©Å Erreur lors du chargement depuis Supabase, utilisation de localStorage Error: Storage error
    at C:\Users\Julien Fritsch\Documents\GitHub\DooDates\src\hooks\__tests__\useConversations.test.ts:100:72
    at file:///C:/Users/Julien%20Fritsch/Documents/GitHub/DooDates/node_modules/@vitest/runner/dist/chunk-hooks.js:155:11
    at file:///C:/Users/Julien%20Fritsch/Documents/GitHub/DooDates/node_modules/@vitest/runner/dist/chunk-hooks.js:1897:20
    at new Promise (<anonymous>)
    at runWithTimeout (file:///C:/Users/Julien%20Fritsch/Documents/GitHub/DooDates/node_modules/@vitest/runner/dist/chunk-hooks.js:1863:10)
    at runHook (file:///C:/Users/Julien%20Fritsch/Documents/GitHub/DooDates/node_modules/@vitest/runner/dist/chunk-hooks.js:1436:51)
    at callSuiteHook (file:///C:/Users/Julien%20Fritsch/Documents/GitHub/DooDates/node_modules/@vitest/runner/dist/chunk-hooks.js:1442:25)
    at callSuiteHook (file:///C:/Users/Julien%20Fritsch/Documents/GitHub/DooDates/node_modules/@vitest/runner/dist/chunk-hooks.js:1429:21)
    at runTest (file:///C:/Users/Julien%20Fritsch/Documents/GitHub/DooDates/node_modules/@vitest/runner/dist/chunk-hooks.js:1566:26)
    at runSuite (file:///C:/Users/Julien%20Fritsch/Documents/GitHub/DooDates/node_modules/@vitest/runner/dist/chunk-hooks.js:1729:8)

stderr | src/pages/LandingPage.test.tsx > LandingPage > How it works section > should render the three steps
ÔÜá´©Å React Router Future Flag Warning: React Router will begin wrapping state updates in `React.startTransition` in v7. You can use the `v7_startTransition` future flag to opt-in early. For more information, see https://reactrouter.com/v6/upgrading/future#v7_starttransition.
ÔÜá´©Å React Router Future Flag Warning: Relative route resolution within Splat routes is changing in v7. You can use the `v7_relativeSplatPath` future flag to opt-in early. For more information, see https://reactrouter.com/v6/upgrading/future#v7_relativesplatpath.

stderr | src/services/__tests__/IntentDetectionService.test.ts
Using an object as a third argument is deprecated. Vitest 4 will throw an error if the third argument is not a timeout number. Please use the second argument for options. See more at https://vitest.dev/guide/migration

stderr | src/services/__tests__/IntentDetectionService.test.ts > IntentDetectionService > REMOVE_DATE (Jours de la semaine) > d├®tecte "supprime le lundi"
ÔÜá´©Å Jour de la semaine non trouv├® dans les dates existantes { weekday: 'lundi', existingDates: [ '2025-11-25', '2025-11-26' ] }

stderr | src/services/__tests__/IntentDetectionService.test.ts > IntentDetectionService > Edge cases > retourne null si message non reconnu
ÔÜá´©Å Ôä╣´©Å ÔØî Aucune action d├®tect├®e { message: 'blabla random' }

stderr | src/services/__tests__/IntentDetectionService.test.ts > IntentDetectionService > Edge cases > retourne null pour message vide
ÔÜá´©Å Ôä╣´©Å ÔØî Aucune action d├®tect├®e { message: '' }

stderr | src/components/polls/__tests__/PollActions.close.test.tsx > PollActions - Bouton Terminer > devrait afficher le bouton Terminer pour un poll actif
ÔÜá´©Å React Router Future Flag Warning: React Router will begin wrapping state updates in `React.startTransition` in v7. You can use the `v7_startTransition` future flag to opt-in early. For more information, see https://reactrouter.com/v6/upgrading/future#v7_starttransition.
ÔÜá´©Å React Router Future Flag Warning: Relative route resolution within Splat routes is changing in v7. You can use the `v7_relativeSplatPath` future flag to opt-in early. For more information, see https://reactrouter.com/v6/upgrading/future#v7_relativesplatpath.

stderr | src/components/polls/__tests__/MultiStepFormVote.test.tsx > MultiStepFormVote > affiche la premi├¿re question au chargement
ÔÜá´©Å React Router Future Flag Warning: React Router will begin wrapping state updates in `React.startTransition` in v7. You can use the `v7_startTransition` future flag to opt-in early. For more information, see https://reactrouter.com/v6/upgrading/future#v7_starttransition.
ÔÜá´©Å React Router Future Flag Warning: Relative route resolution within Splat routes is changing in v7. You can use the `v7_relativeSplatPath` future flag to opt-in early. For more information, see https://reactrouter.com/v6/upgrading/future#v7_relativesplatpath.

stderr | src/lib/__tests__/gemini-form-parsing.test.ts > GeminiService - Form Poll Parsing > parseFormPollResponse - Invalid responses > filtre les questions single sans options
ÔÜá´©Å ­ƒîÉ Question "Question invalide" de type single ignor├®e : options invalides 

stderr | src/lib/__tests__/gemini-form-parsing.test.ts > GeminiService - Form Poll Parsing > parseFormPollResponse - Invalid responses > filtre les questions single avec moins de 2 options
ÔÜá´©Å ­ƒîÉ Question "Question avec 1 option" de type single ignor├®e : options invalides 

stderr | src/lib/__tests__/gemini-form-parsing.test.ts > GeminiService - Form Poll Parsing > parseFormPollResponse - Invalid responses > rejette tout si aucune question valide
ÔÜá´©Å ­ƒîÉ Question "Question invalide 1" de type single ignor├®e : options invalides 
ÔÜá´©Å ­ƒîÉ Question "Question invalide 2" de type multiple ignor├®e : options invalides 
­ƒÜ¿ DooDates Error: {
  message: 'No valid questions in form poll',
  name: 'DooDatesError',
  stack: 'DooDatesError: No valid questions in form poll\n' +
    '    at Object.validation (C:\\Users\\Julien Fritsch\\Documents\\GitHub\\DooDates\\src\\lib\\error-handling.ts:136:5)\n' +
    '    at GeminiService.parseFormPollResponse (C:\\Users\\Julien Fritsch\\Documents\\GitHub\\DooDates\\src\\lib\\gemini.ts:1897:28)\n' +
    '    at C:\\Users\\Julien Fritsch\\Documents\\GitHub\\DooDates\\src\\lib\\__tests__\\gemini-form-parsing.test.ts:322:30\n' +
    '    at file:///C:/Users/Julien%20Fritsch/Documents/GitHub/DooDates/node_modules/@vitest/runner/dist/chunk-hooks.js:155:11\n' +
    '    at file:///C:/Users/Julien%20Fritsch/Documents/GitHub/DooDates/node_modules/@vitest/runner/dist/chunk-hooks.js:752:26\n' +
    '    at file:///C:/Users/Julien%20Fritsch/Documents/GitHub/DooDates/node_modules/@vitest/runner/dist/chunk-hooks.js:1897:20\n' +
    '    at new Promise (<anonymous>)\n' +
    '    at runWithTimeout (file:///C:/Users/Julien%20Fritsch/Documents/GitHub/DooDates/node_modules/@vitest/runner/dist/chunk-hooks.js:1863:10)\n' +
    '    at runTest (file:///C:/Users/Julien%20Fritsch/Documents/GitHub/DooDates/node_modules/@vitest/runner/dist/chunk-hooks.js:1574:12)\n' +
    '    at runSuite (file:///C:/Users/Julien%20Fritsch/Documents/GitHub/DooDates/node_modules/@vitest/runner/dist/chunk-hooks.js:1729:8)',
  timestamp: '2025-11-21T08:48:18.751Z',
  context: { component: 'GeminiService', operation: 'parseFormPollResponse' },
  severity: 'medium',
  category: 'validation',
  userMessage: 'Aucune question valide dans le questionnaire'
}

stderr | src/hooks/__tests__/usePollDeletionCascade.test.ts > usePollDeletionCascade > cleanupConversationLink > should handle cleanup errors gracefully
­ƒÜ¿ DooDates Error: {
  message: 'Update failed',
  name: 'DooDatesError',
  stack: 'DooDatesError: Update failed\n' +
    '    at handleError (C:\\Users\\Julien Fritsch\\Documents\\GitHub\\DooDates\\src\\lib\\error-handling.ts:103:22)\n' +
    '    at Object.cleanupConversationLink (C:\\Users\\Julien Fritsch\\Documents\\GitHub\\DooDates\\src\\hooks\\usePollDeletionCascade.ts:73:32)\n' +
    '    at C:\\Users\\Julien Fritsch\\Documents\\GitHub\\DooDates\\src\\hooks\\__tests__\\usePollDeletionCascade.test.ts:110:25',
  timestamp: '2025-11-21T08:48:29.795Z',
  context: {
    component: 'usePollDeletionCascade',
    operation: 'cleanupConversationLink'
  },
  severity: 'medium',
  category: 'system',
  userMessage: 'Erreur lors du nettoyage des liens de conversation'
}
­ƒÜ¿ DooDates Error: {
  message: 'Update failed',
  name: 'DooDatesError',
  stack: 'DooDatesError: Update failed\n' +
    '    at handleError (C:\\Users\\Julien Fritsch\\Documents\\GitHub\\DooDates\\src\\lib\\error-handling.ts:103:22)\n' +
    '    at Object.cleanupConversationLink (C:\\Users\\Julien Fritsch\\Documents\\GitHub\\DooDates\\src\\hooks\\usePollDeletionCascade.ts:73:32)\n' +
    '    at C:\\Users\\Julien Fritsch\\Documents\\GitHub\\DooDates\\src\\hooks\\__tests__\\usePollDeletionCascade.test.ts:110:25',
  timestamp: '2025-11-21T08:48:29.799Z',
  context: {
    component: 'usePollDeletionCascade',
    operation: 'cleanupConversationLink'
  },
  severity: 'medium',
  category: 'system',
  userMessage: 'Erreur lors du nettoyage des liens de conversation'
}

stderr | src/hooks/__tests__/usePollDeletionCascade.test.ts > usePollDeletionCascade > deletePollWithCascade > should handle poll deletion failure
­ƒÜ¿ DooDates Error: {
  message: 'Storage error',
  name: 'DooDatesError',
  stack: 'DooDatesError: Storage error\n' +
    '    at handleError (C:\\Users\\Julien Fritsch\\Documents\\GitHub\\DooDates\\src\\lib\\error-handling.ts:103:22)\n' +
    '    at Object.deletePollWithCascade (C:\\Users\\Julien Fritsch\\Documents\\GitHub\\DooDates\\src\\hooks\\usePollDeletionCascade.ts:144:34)\n' +
    '    at C:\\Users\\Julien Fritsch\\Documents\\GitHub\\DooDates\\src\\hooks\\__tests__\\usePollDeletionCascade.test.ts:156:33',
  timestamp: '2025-11-21T08:48:29.819Z',
  context: { component: 'usePollDeletionCascade', operation: 'deletePoll' },
  severity: 'medium',
  category: 'system',
  userMessage: 'Erreur lors de la suppression du sondage'
}
­ƒÜ¿ DooDates Error: {
  message: 'Storage error',
  name: 'DooDatesError',
  stack: 'DooDatesError: Storage error\n' +
    '    at handleError (C:\\Users\\Julien Fritsch\\Documents\\GitHub\\DooDates\\src\\lib\\error-handling.ts:103:22)\n' +
    '    at Object.deletePollWithCascade (C:\\Users\\Julien Fritsch\\Documents\\GitHub\\DooDates\\src\\hooks\\usePollDeletionCascade.ts:144:34)\n' +
    '    at C:\\Users\\Julien Fritsch\\Documents\\GitHub\\DooDates\\src\\hooks\\__tests__\\usePollDeletionCascade.test.ts:156:33',
  timestamp: '2025-11-21T08:48:29.820Z',
  context: { component: 'usePollDeletionCascade', operation: 'deletePoll' },
  severity: 'medium',
  category: 'system',
  userMessage: 'Erreur lors de la suppression du sondage'
}

stderr | src/hooks/__tests__/usePollDeletionCascade.test.ts > usePollDeletionCascade > cleanupOrphanedLinks > should handle cleanup errors gracefully
­ƒÜ¿ DooDates Error: {
  message: 'Update failed',
  name: 'DooDatesError',
  stack: 'DooDatesError: Update failed\n' +
    '    at handleError (C:\\Users\\Julien Fritsch\\Documents\\GitHub\\DooDates\\src\\lib\\error-handling.ts:103:22)\n' +
    '    at Object.cleanupOrphanedLinks (C:\\Users\\Julien Fritsch\\Documents\\GitHub\\DooDates\\src\\hooks\\usePollDeletionCascade.ts:297:30)\n' +
    '    at C:\\Users\\Julien Fritsch\\Documents\\GitHub\\DooDates\\src\\hooks\\__tests__\\usePollDeletionCascade.test.ts:274:30',
  timestamp: '2025-11-21T08:48:29.859Z',
  context: {
    component: 'usePollDeletionCascade',
    operation: 'cleanupOrphanedLinks'
  },
  severity: 'medium',
  category: 'system',
  userMessage: 'Erreur lors du nettoyage des liens orphelins'
}
­ƒÜ¿ DooDates Error: {
  message: 'Update failed',
  name: 'DooDatesError',
  stack: 'DooDatesError: Update failed\n' +
    '    at handleError (C:\\Users\\Julien Fritsch\\Documents\\GitHub\\DooDates\\src\\lib\\error-handling.ts:103:22)\n' +
    '    at Object.cleanupOrphanedLinks (C:\\Users\\Julien Fritsch\\Documents\\GitHub\\DooDates\\src\\hooks\\usePollDeletionCascade.ts:297:30)\n' +
    '    at C:\\Users\\Julien Fritsch\\Documents\\GitHub\\DooDates\\src\\hooks\\__tests__\\usePollDeletionCascade.test.ts:274:30',
  timestamp: '2025-11-21T08:48:29.859Z',
  context: {
    component: 'usePollDeletionCascade',
    operation: 'cleanupOrphanedLinks'
  },
  severity: 'medium',
  category: 'system',
  userMessage: 'Erreur lors du nettoyage des liens orphelins'
}

stderr | src/lib/__tests__/browserFingerprint.test.ts > browserFingerprint > getCachedFingerprint > should handle invalid cache gracefully
ÔÜá´©Å ­ƒöÆ Invalid fingerprint cache {
  key: '__dd_fingerprint',
  error: SyntaxError: Unexpected token 'i', "invalid json" is not valid JSON
      at JSON.parse (<anonymous>)
      at readCache (C:\Users\Julien Fritsch\Documents\GitHub\DooDates\src\lib\browserFingerprint.ts:251:31)
      at getCachedFingerprint (C:\Users\Julien Fritsch\Documents\GitHub\DooDates\src\lib\browserFingerprint.ts:262:20)
      at C:\Users\Julien Fritsch\Documents\GitHub\DooDates\src\lib\__tests__\browserFingerprint.test.ts:272:28
      at file:///C:/Users/Julien%20Fritsch/Documents/GitHub/DooDates/node_modules/@vitest/runner/dist/chunk-hooks.js:155:11
      at file:///C:/Users/Julien%20Fritsch/Documents/GitHub/DooDates/node_modules/@vitest/runner/dist/chunk-hooks.js:752:26
      at file:///C:/Users/Julien%20Fritsch/Documents/GitHub/DooDates/node_modules/@vitest/runner/dist/chunk-hooks.js:1897:20
      at new Promise (<anonymous>)
      at runWithTimeout (file:///C:/Users/Julien%20Fritsch/Documents/GitHub/DooDates/node_modules/@vitest/runner/dist/chunk-hooks.js:1863:10)
      at runTest (file:///C:/Users/Julien%20Fritsch/Documents/GitHub/DooDates/node_modules/@vitest/runner/dist/chunk-hooks.js:1574:12)
}

stderr | src/lib/__tests__/browserFingerprint.test.ts > browserFingerprint > Edge cases > should handle localStorage errors gracefully
ÔØî ­ƒöÆ Failed to get fingerprint {
  error: Error: Storage quota exceeded
      at Object.<anonymous> (C:\Users\Julien Fritsch\Documents\GitHub\DooDates\src\lib\__tests__\browserFingerprint.test.ts:302:15)
      at Object.mockCall (file:///C:/Users/Julien%20Fritsch/Documents/GitHub/DooDates/node_modules/@vitest/spy/dist/index.js:96:15)
      at Object.getItem (file:///C:/Users/Julien%20Fritsch/Documents/GitHub/DooDates/node_modules/tinyspy/dist/index.js:47:80)
      at readCache (C:\Users\Julien Fritsch\Documents\GitHub\DooDates\src\lib\browserFingerprint.ts:248:34)
      at getCachedFingerprint (C:\Users\Julien Fritsch\Documents\GitHub\DooDates\src\lib\browserFingerprint.ts:262:20)
      at C:\Users\Julien Fritsch\Documents\GitHub\DooDates\src\lib\__tests__\browserFingerprint.test.ts:305:28
      at file:///C:/Users/Julien%20Fritsch/Documents/GitHub/DooDates/node_modules/@vitest/runner/dist/chunk-hooks.js:155:11
      at file:///C:/Users/Julien%20Fritsch/Documents/GitHub/DooDates/node_modules/@vitest/runner/dist/chunk-hooks.js:752:26
      at file:///C:/Users/Julien%20Fritsch/Documents/GitHub/DooDates/node_modules/@vitest/runner/dist/chunk-hooks.js:1897:20
      at new Promise (<anonymous>)
}

stderr | src/__tests__/error-handling-enforcement.test.ts > Centralized Error Handling Enforcement > should import centralized error handling where errors are used
Warning: 102 file(s) use error handling without centralized imports:
App.tsx - Uses error handling but does not import centralized error system
services\userPreferences.ts - Uses error handling but does not import centralized error system
services\TitleService.ts - Uses error handling but does not import centralized error system
services\temporaryReservation.ts - Uses error handling but does not import centralized error system
services\SurveyRequestAggregator.ts - Uses error handling but does not import centralized error system
services\SecureGeminiService.ts - Uses error handling but does not import centralized error system
services\schedulingOptimizer.ts - Uses error handling but does not import centralized error system
services\QuotaService.ts - Uses error handling but does not import centralized error system
services\PollTypeSwitchDetector.ts - Uses error handling but does not import centralized error system
services\PollCreatorService.ts - Uses error handling but does not import centralized error system
services\PollCreationBusinessLogic.ts - Uses error handling but does not import centralized error system
services\PollAnalyticsService.ts - Uses error handling but does not import centralized error system
services\IntentService.ts - Uses error handling but does not import centralized error system
services\GeminiIntentService.ts - Uses error handling but does not import centralized error system
services\EmailService.ts - Uses error handling but does not import centralized error system
services\DirectGeminiService.ts - Uses error handling but does not import centralized error system
services\ConversationService.ts - Uses error handling but does not import centralized error system
services\ConversationSearchService.ts - Uses error handling but does not import centralized error system
services\calendarConflictDetection.ts - Uses error handling but does not import centralized error system
services\BetaKeyService.ts - Uses error handling but does not import centralized error system
pages\Docs.tsx - Uses error handling but does not import centralized error system
pages\ConsumptionJournal.tsx - Uses error handling but does not import centralized error system
pages\AvailabilityPollVote.tsx - Uses error handling but does not import centralized error system
pages\AvailabilityPollResults.tsx - Uses error handling but does not import centralized error system
lib\temporalParser.ts - Uses error handling but does not import centralized error system
lib\supabaseApi.ts - Uses error handling but does not import centralized error system
lib\supabase-fetch.ts - Uses error handling but does not import centralized error system
lib\quotaTracking.ts - Uses error handling but does not import centralized error system
lib\progressive-calendar.ts - Uses error handling but does not import centralized error system
lib\pollStorage.ts - Uses error handling but does not import centralized error system
lib\performance-measurement.ts - Uses error handling but does not import centralized error system
lib\guestQuotaService.ts - Uses error handling but does not import centralized error system
lib\google-calendar.ts - Uses error handling but does not import centralized error system
lib\gemini.ts - Uses error handling but does not import centralized error system
lib\formPollStorage.ts - Uses error handling but does not import centralized error system
lib\exports.ts - Uses error handling but does not import centralized error system
lib\enhanced-gemini.ts - Uses error handling but does not import centralized error system
lib\email-service.ts - Uses error handling but does not import centralized error system
lib\conversationStorage.ts - Uses error handling but does not import centralized error system
lib\ConversationPollLink.ts - Uses error handling but does not import centralized error system
lib\calendar-data.ts - Uses error handling but does not import centralized error system
lib\browserFingerprint.ts - Uses error handling but does not import centralized error system
lib\availability-parser.ts - Uses error handling but does not import centralized error system
contexts\OnboardingContext.tsx - Uses error handling but does not import centralized error system
contexts\AuthContext.tsx - Uses error handling but does not import centralized error system
hooks\useVoting.ts - Uses error handling but does not import centralized error system
hooks\useVoiceRecognition.ts - Uses error handling but does not import centralized error system
hooks\useQuota.ts - Uses error handling but does not import centralized error system
hooks\usePolls.ts - Uses error handling but does not import centralized error system
hooks\usePollDeletionCascade.ts - Uses error handling but does not import centralized error system
hooks\usePollConversationLink.ts - Uses error handling but does not import centralized error system
hooks\useMessageSender.ts - Uses error handling but does not import centralized error system
hooks\useGeminiAPI.ts - Uses error handling but does not import centralized error system
hooks\useFreemiumQuota.ts - Uses error handling but does not import centralized error system
hooks\useConversationStorage.ts - Uses error handling but does not import centralized error system
hooks\useConversationSearch.ts - Uses error handling but does not import centralized error system
hooks\useConversations.ts - Uses error handling but does not import centralized error system
hooks\useConversationResume.ts - Uses error handling but does not import centralized error system
hooks\useConversationQuota.ts - Uses error handling but does not import centralized error system
hooks\useConnectionStatus.ts - Uses error handling but does not import centralized error system
hooks\useAutoSave.ts - Uses error handling but does not import centralized error system
hooks\useAnalyticsQuota.ts - Uses error handling but does not import centralized error system
components\PollCreator.tsx - Uses error handling but does not import centralized error system
components\GeminiChatInterface.tsx - Uses error handling but does not import centralized error system
components\Dashboard.tsx - Uses error handling but does not import centralized error system
components\ConversationalAI.tsx - Uses error handling but does not import centralized error system
lib\simulation\SimulationService.ts - Uses error handling but does not import centralized error system
lib\simulation\SimulationComparison.ts - Uses error handling but does not import centralized error system
lib\simulation\SimulationAnalyzer.ts - Uses error handling but does not import centralized error system
lib\services\titleGeneration.ts - Uses error handling but does not import centralized error system
lib\services\deleteCascade.ts - Uses error handling but does not import centralized error system
lib\storage\useMigration.ts - Uses error handling but does not import centralized error system
lib\storage\TagStorage.ts - Uses error handling but does not import centralized error system
lib\storage\storageUtils.ts - Uses error handling but does not import centralized error system
lib\storage\statsStorage.ts - Uses error handling but does not import centralized error system
lib\storage\FolderStorage.ts - Uses error handling but does not import centralized error system
lib\storage\ConversationStorageSupabase.ts - Uses error handling but does not import centralized error system
lib\storage\ConversationMigrationService.ts - Uses error handling but does not import centralized error system
lib\storage\autoMigrateGuestConversations.ts - Uses error handling but does not import centralized error system
components\voting\VoterForm.tsx - Uses error handling but does not import centralized error system
components\voting\VoteResults.tsx - Uses error handling but does not import centralized error system
components\voting\ex-VotingSwipe.tsx - Uses error handling but does not import centralized error system
components\prototype\WorkspaceProvider.tsx - Uses error handling but does not import centralized error system
components\prototype\WorkspaceLayoutPrototype.tsx - Uses error handling but does not import centralized error system
components\prototype\UIStateProvider.tsx - Uses error handling but does not import centralized error system
components\prototype\PollPreview.tsx - Uses error handling but does not import centralized error system
components\prototype\EditorStateProvider.tsx - Uses error handling but does not import centralized error system
components\prototype\ConversationStateProvider.tsx - Uses error handling but does not import centralized error system
components\prototype\AICreationWorkspace.tsx - Uses error handling but does not import centralized error system
components\polls\PollAnalyticsPanel.tsx - Uses error handling but does not import centralized error system
components\polls\PollActions.tsx - Uses error handling but does not import centralized error system
components\polls\AIProposalFeedback.tsx - Uses error handling but does not import centralized error system
components\modals\BetaKeyModal.tsx - Uses error handling but does not import centralized error system
components\layout\HistoryPanel.tsx - Uses error handling but does not import centralized error system
components\layout\CreatePageLayout.tsx - Uses error handling but does not import centralized error system
components\dashboard\useDashboardData.ts - Uses error handling but does not import centralized error system
components\dashboard\ManageTagsFolderDialog.tsx - Uses error handling but does not import centralized error system
components\dashboard\DashboardTableView.tsx - Uses error handling but does not import centralized error system
components\dashboard\DashboardFilters.tsx - Uses error handling but does not import centralized error system
components\dashboard\ConversationCard.tsx - Uses error handling but does not import centralized error system
components\docs\DocsViewer.tsx - Uses error handling but does not import centralized error system
components\conversations\ConversationActions.tsx - Uses error handling but does not import centralized error system

stderr | src/__tests__/error-handling-enforcement.test.ts > Error Handling Integration Tests > should properly categorize and handle errors
­ƒÜ¿ DooDates Error: {
  message: 'Test error',
  name: 'DooDatesError',
  stack: 'DooDatesError: Test error\n' +
    '    at Object.validation (C:\\Users\\Julien Fritsch\\Documents\\GitHub\\DooDates\\src\\lib\\error-handling.ts:136:5)\n' +
    '    at C:\\Users\\Julien Fritsch\\Documents\\GitHub\\DooDates\\src\\__tests__\\error-handling-enforcement.test.ts:288:36\n' +
    '    at file:///C:/Users/Julien%20Fritsch/Documents/GitHub/DooDates/node_modules/@vitest/runner/dist/chunk-hooks.js:752:20',
  timestamp: '2025-11-21T08:48:35.769Z',
  context: { component: 'test' },
  severity: 'medium',
  category: 'validation',
  userMessage: 'Test user message'
}

stderr | src/hooks/__tests__/usePollConversationLink.test.ts > usePollConversationLink > linkPollToConversation > should handle linking errors gracefully
­ƒÜ¿ DooDates Error: {
  message: undefined,
  name: undefined,
  stack: undefined,
  timestamp: '2025-11-21T08:48:44.217Z',
  context: Error: Update failed
      at C:\Users\Julien Fritsch\Documents\GitHub\DooDates\src\hooks\__tests__\usePollConversationLink.test.ts:95:60
      at file:///C:/Users/Julien%20Fritsch/Documents/GitHub/DooDates/node_modules/@vitest/runner/dist/chunk-hooks.js:155:11
      at file:///C:/Users/Julien%20Fritsch/Documents/GitHub/DooDates/node_modules/@vitest/runner/dist/chunk-hooks.js:752:26
      at file:///C:/Users/Julien%20Fritsch/Documents/GitHub/DooDates/node_modules/@vitest/runner/dist/chunk-hooks.js:1897:20
      at new Promise (<anonymous>)
      at runWithTimeout (file:///C:/Users/Julien%20Fritsch/Documents/GitHub/DooDates/node_modules/@vitest/runner/dist/chunk-hooks.js:1863:10)
      at runTest (file:///C:/Users/Julien%20Fritsch/Documents/GitHub/DooDates/node_modules/@vitest/runner/dist/chunk-hooks.js:1574:12)
      at runSuite (file:///C:/Users/Julien%20Fritsch/Documents/GitHub/DooDates/node_modules/@vitest/runner/dist/chunk-hooks.js:1729:8)
      at runSuite (file:///C:/Users/Julien%20Fritsch/Documents/GitHub/DooDates/node_modules/@vitest/runner/dist/chunk-hooks.js:1729:8)
      at runSuite (file:///C:/Users/Julien%20Fritsch/Documents/GitHub/DooDates/node_modules/@vitest/runner/dist/chunk-hooks.js:1729:8)
}

stderr | src/lib/__tests__/pollStorage.test.ts > pollStorage > addPoll() should validate form polls: title is required
­ƒÜ¿ DooDates Error: {
  message: 'Invalid form poll: title must be a non-empty string',
  name: 'DooDatesError',
  stack: 'DooDatesError: Invalid form poll: title must be a non-empty string\n' +
    '    at Object.validation (C:\\Users\\Julien Fritsch\\Documents\\GitHub\\DooDates\\src\\lib\\error-handling.ts:136:5)\n' +
    '    at validatePoll (C:\\Users\\Julien Fritsch\\Documents\\GitHub\\DooDates\\src\\lib\\pollStorage.ts:496:44)\n' +
    '    at addPoll (C:\\Users\\Julien Fritsch\\Documents\\GitHub\\DooDates\\src\\lib\\pollStorage.ts:354:3)\n' +
    '    at C:\\Users\\Julien Fritsch\\Documents\\GitHub\\DooDates\\src\\lib\\__tests__\\pollStorage.test.ts:202:18\n' +
    '    at file:///C:/Users/Julien%20Fritsch/Documents/GitHub/DooDates/node_modules/@vitest/runner/dist/chunk-hooks.js:752:20',
  timestamp: '2025-11-21T08:48:50.218Z',
  context: { component: 'pollStorage', operation: 'validateFormPoll' },
  severity: 'medium',
  category: 'validation',
  userMessage: 'Le titre du formulaire est obligatoire'
}

stderr | src/components/__tests__/PollActions.test.tsx > PollActions > copies the poll link on copy action
Warning: An update to PollActions inside a test was not wrapped in act(...).

When testing, code that causes React state updates should be wrapped into act(...):

act(() => {
  /* fire events that update state */
});
/* assert on the output */

This ensures that you're testing the behavior the user would see in the browser. Learn more at https://reactjs.org/link/wrap-tests-with-act
    at PollActions (C:\Users\Julien Fritsch\Documents\GitHub\DooDates\src\components\polls\PollActions.tsx:16:24)

stderr | src/components/__tests__/PollActions.test.tsx > PollActions > copies the poll link on copy action
Warning: An update to Tooltip inside a test was not wrapped in act(...).

When testing, code that causes React state updates should be wrapped into act(...):

act(() => {
  /* fire events that update state */
});
/* assert on the output */

This ensures that you're testing the behavior the user would see in the browser. Learn more at https://reactjs.org/link/wrap-tests-with-act
    at Tooltip (file:///C:/Users/Julien%20Fritsch/Documents/GitHub/DooDates/node_modules/@radix-ui/react-tooltip/dist/index.mjs:73:5)
    at div
    at Provider (file:///C:/Users/Julien%20Fritsch/Documents/GitHub/DooDates/node_modules/@radix-ui/react-context/dist/index.mjs:27:15)
    at TooltipProvider (file:///C:/Users/Julien%20Fritsch/Documents/GitHub/DooDates/node_modules/@radix-ui/react-tooltip/dist/index.mjs:29:5)
    at PollActions (C:\Users\Julien Fritsch\Documents\GitHub\DooDates\src\components\polls\PollActions.tsx:16:24)
Warning: An update to Tooltip inside a test was not wrapped in act(...).

When testing, code that causes React state updates should be wrapped into act(...):

act(() => {
  /* fire events that update state */
});
/* assert on the output */

This ensures that you're testing the behavior the user would see in the browser. Learn more at https://reactjs.org/link/wrap-tests-with-act
    at Tooltip (file:///C:/Users/Julien%20Fritsch/Documents/GitHub/DooDates/node_modules/@radix-ui/react-tooltip/dist/index.mjs:73:5)
    at div
    at Provider (file:///C:/Users/Julien%20Fritsch/Documents/GitHub/DooDates/node_modules/@radix-ui/react-context/dist/index.mjs:27:15)
    at TooltipProvider (file:///C:/Users/Julien%20Fritsch/Documents/GitHub/DooDates/node_modules/@radix-ui/react-tooltip/dist/index.mjs:29:5)
    at PollActions (C:\Users\Julien Fritsch\Documents\GitHub\DooDates\src\components\polls\PollActions.tsx:16:24)
Warning: An update to Tooltip inside a test was not wrapped in act(...).

When testing, code that causes React state updates should be wrapped into act(...):

act(() => {
  /* fire events that update state */
});
/* assert on the output */

This ensures that you're testing the behavior the user would see in the browser. Learn more at https://reactjs.org/link/wrap-tests-with-act
    at Tooltip (file:///C:/Users/Julien%20Fritsch/Documents/GitHub/DooDates/node_modules/@radix-ui/react-tooltip/dist/index.mjs:73:5)
    at div
    at Provider (file:///C:/Users/Julien%20Fritsch/Documents/GitHub/DooDates/node_modules/@radix-ui/react-context/dist/index.mjs:27:15)
    at TooltipProvider (file:///C:/Users/Julien%20Fritsch/Documents/GitHub/DooDates/node_modules/@radix-ui/react-tooltip/dist/index.mjs:29:5)
    at PollActions (C:\Users\Julien Fritsch\Documents\GitHub\DooDates\src\components\polls\PollActions.tsx:16:24)
Warning: An update to Tooltip inside a test was not wrapped in act(...).

When testing, code that causes React state updates should be wrapped into act(...):

act(() => {
  /* fire events that update state */
});
/* assert on the output */

This ensures that you're testing the behavior the user would see in the browser. Learn more at https://reactjs.org/link/wrap-tests-with-act
    at Tooltip (file:///C:/Users/Julien%20Fritsch/Documents/GitHub/DooDates/node_modules/@radix-ui/react-tooltip/dist/index.mjs:73:5)
    at div
    at Provider (file:///C:/Users/Julien%20Fritsch/Documents/GitHub/DooDates/node_modules/@radix-ui/react-context/dist/index.mjs:27:15)
    at TooltipProvider (file:///C:/Users/Julien%20Fritsch/Documents/GitHub/DooDates/node_modules/@radix-ui/react-tooltip/dist/index.mjs:29:5)
    at PollActions (C:\Users\Julien Fritsch\Documents\GitHub\DooDates\src\components\polls\PollActions.tsx:16:24)
Warning: An update to Tooltip inside a test was not wrapped in act(...).

When testing, code that causes React state updates should be wrapped into act(...):

act(() => {
  /* fire events that update state */
});
/* assert on the output */

This ensures that you're testing the behavior the user would see in the browser. Learn more at https://reactjs.org/link/wrap-tests-with-act
    at Tooltip (file:///C:/Users/Julien%20Fritsch/Documents/GitHub/DooDates/node_modules/@radix-ui/react-tooltip/dist/index.mjs:73:5)
    at div
    at Provider (file:///C:/Users/Julien%20Fritsch/Documents/GitHub/DooDates/node_modules/@radix-ui/react-context/dist/index.mjs:27:15)
    at TooltipProvider (file:///C:/Users/Julien%20Fritsch/Documents/GitHub/DooDates/node_modules/@radix-ui/react-tooltip/dist/index.mjs:29:5)
    at PollActions (C:\Users\Julien Fritsch\Documents\GitHub\DooDates\src\components\polls\PollActions.tsx:16:24)
Warning: An update to Tooltip inside a test was not wrapped in act(...).

When testing, code that causes React state updates should be wrapped into act(...):

act(() => {
  /* fire events that update state */
});
/* assert on the output */

This ensures that you're testing the behavior the user would see in the browser. Learn more at https://reactjs.org/link/wrap-tests-with-act
    at Tooltip (file:///C:/Users/Julien%20Fritsch/Documents/GitHub/DooDates/node_modules/@radix-ui/react-tooltip/dist/index.mjs:73:5)
    at div
    at Provider (file:///C:/Users/Julien%20Fritsch/Documents/GitHub/DooDates/node_modules/@radix-ui/react-context/dist/index.mjs:27:15)
    at TooltipProvider (file:///C:/Users/Julien%20Fritsch/Documents/GitHub/DooDates/node_modules/@radix-ui/react-tooltip/dist/index.mjs:29:5)
    at PollActions (C:\Users\Julien Fritsch\Documents\GitHub\DooDates\src\components\polls\PollActions.tsx:16:24)
Warning: An update to Tooltip inside a test was not wrapped in act(...).

When testing, code that causes React state updates should be wrapped into act(...):

act(() => {
  /* fire events that update state */
});
/* assert on the output */

This ensures that you're testing the behavior the user would see in the browser. Learn more at https://reactjs.org/link/wrap-tests-with-act
    at Tooltip (file:///C:/Users/Julien%20Fritsch/Documents/GitHub/DooDates/node_modules/@radix-ui/react-tooltip/dist/index.mjs:73:5)
    at div
    at Provider (file:///C:/Users/Julien%20Fritsch/Documents/GitHub/DooDates/node_modules/@radix-ui/react-context/dist/index.mjs:27:15)
    at TooltipProvider (file:///C:/Users/Julien%20Fritsch/Documents/GitHub/DooDates/node_modules/@radix-ui/react-tooltip/dist/index.mjs:29:5)
    at PollActions (C:\Users\Julien Fritsch\Documents\GitHub\DooDates\src\components\polls\PollActions.tsx:16:24)
Warning: An update to Tooltip inside a test was not wrapped in act(...).

When testing, code that causes React state updates should be wrapped into act(...):

act(() => {
  /* fire events that update state */
});
/* assert on the output */

This ensures that you're testing the behavior the user would see in the browser. Learn more at https://reactjs.org/link/wrap-tests-with-act
    at Tooltip (file:///C:/Users/Julien%20Fritsch/Documents/GitHub/DooDates/node_modules/@radix-ui/react-tooltip/dist/index.mjs:73:5)
    at div
    at Provider (file:///C:/Users/Julien%20Fritsch/Documents/GitHub/DooDates/node_modules/@radix-ui/react-context/dist/index.mjs:27:15)
    at TooltipProvider (file:///C:/Users/Julien%20Fritsch/Documents/GitHub/DooDates/node_modules/@radix-ui/react-tooltip/dist/index.mjs:29:5)
    at PollActions (C:\Users\Julien Fritsch\Documents\GitHub\DooDates\src\components\polls\PollActions.tsx:16:24)
Warning: An update to Tooltip inside a test was not wrapped in act(...).

When testing, code that causes React state updates should be wrapped into act(...):

act(() => {
  /* fire events that update state */
});
/* assert on the output */

This ensures that you're testing the behavior the user would see in the browser. Learn more at https://reactjs.org/link/wrap-tests-with-act
    at Tooltip (file:///C:/Users/Julien%20Fritsch/Documents/GitHub/DooDates/node_modules/@radix-ui/react-tooltip/dist/index.mjs:73:5)
    at div
    at Provider (file:///C:/Users/Julien%20Fritsch/Documents/GitHub/DooDates/node_modules/@radix-ui/react-context/dist/index.mjs:27:15)
    at TooltipProvider (file:///C:/Users/Julien%20Fritsch/Documents/GitHub/DooDates/node_modules/@radix-ui/react-tooltip/dist/index.mjs:29:5)
    at PollActions (C:\Users\Julien Fritsch\Documents\GitHub\DooDates\src\components\polls\PollActions.tsx:16:24)
Warning: An update to Tooltip inside a test was not wrapped in act(...).

When testing, code that causes React state updates should be wrapped into act(...):

act(() => {
  /* fire events that update state */
});
/* assert on the output */

This ensures that you're testing the behavior the user would see in the browser. Learn more at https://reactjs.org/link/wrap-tests-with-act
    at Tooltip (file:///C:/Users/Julien%20Fritsch/Documents/GitHub/DooDates/node_modules/@radix-ui/react-tooltip/dist/index.mjs:73:5)
    at div
    at Provider (file:///C:/Users/Julien%20Fritsch/Documents/GitHub/DooDates/node_modules/@radix-ui/react-context/dist/index.mjs:27:15)
    at TooltipProvider (file:///C:/Users/Julien%20Fritsch/Documents/GitHub/DooDates/node_modules/@radix-ui/react-tooltip/dist/index.mjs:29:5)
    at PollActions (C:\Users\Julien Fritsch\Documents\GitHub\DooDates\src\components\polls\PollActions.tsx:16:24)
Warning: An update to Tooltip inside a test was not wrapped in act(...).

When testing, code that causes React state updates should be wrapped into act(...):

act(() => {
  /* fire events that update state */
});
/* assert on the output */

This ensures that you're testing the behavior the user would see in the browser. Learn more at https://reactjs.org/link/wrap-tests-with-act
    at Tooltip (file:///C:/Users/Julien%20Fritsch/Documents/GitHub/DooDates/node_modules/@radix-ui/react-tooltip/dist/index.mjs:73:5)
    at div
    at Provider (file:///C:/Users/Julien%20Fritsch/Documents/GitHub/DooDates/node_modules/@radix-ui/react-context/dist/index.mjs:27:15)
    at TooltipProvider (file:///C:/Users/Julien%20Fritsch/Documents/GitHub/DooDates/node_modules/@radix-ui/react-tooltip/dist/index.mjs:29:5)
    at PollActions (C:\Users\Julien Fritsch\Documents\GitHub\DooDates\src\components\polls\PollActions.tsx:16:24)
Warning: An update to Tooltip inside a test was not wrapped in act(...).

When testing, code that causes React state updates should be wrapped into act(...):

act(() => {
  /* fire events that update state */
});
/* assert on the output */

This ensures that you're testing the behavior the user would see in the browser. Learn more at https://reactjs.org/link/wrap-tests-with-act
    at Tooltip (file:///C:/Users/Julien%20Fritsch/Documents/GitHub/DooDates/node_modules/@radix-ui/react-tooltip/dist/index.mjs:73:5)
    at div
    at Provider (file:///C:/Users/Julien%20Fritsch/Documents/GitHub/DooDates/node_modules/@radix-ui/react-context/dist/index.mjs:27:15)
    at TooltipProvider (file:///C:/Users/Julien%20Fritsch/Documents/GitHub/DooDates/node_modules/@radix-ui/react-tooltip/dist/index.mjs:29:5)
    at PollActions (C:\Users\Julien Fritsch\Documents\GitHub\DooDates\src\components\polls\PollActions.tsx:16:24)

stderr | src/hooks/__tests__/usePollConversationLink.1to1.test.ts > usePollConversationLink - 1:1 Relations (Task 2.1) > 1:1 Link Creation > should handle linking errors gracefully
­ƒÜ¿ DooDates Error: {
  message: undefined,
  name: undefined,
  stack: undefined,
  timestamp: '2025-11-21T08:49:02.615Z',
  context: Error: Update failed
      at C:\Users\Julien Fritsch\Documents\GitHub\DooDates\src\hooks\__tests__\usePollConversationLink.1to1.test.ts:63:60
      at file:///C:/Users/Julien%20Fritsch/Documents/GitHub/DooDates/node_modules/@vitest/runner/dist/chunk-hooks.js:155:11
      at file:///C:/Users/Julien%20Fritsch/Documents/GitHub/DooDates/node_modules/@vitest/runner/dist/chunk-hooks.js:752:26
      at file:///C:/Users/Julien%20Fritsch/Documents/GitHub/DooDates/node_modules/@vitest/runner/dist/chunk-hooks.js:1897:20
      at new Promise (<anonymous>)
      at runWithTimeout (file:///C:/Users/Julien%20Fritsch/Documents/GitHub/DooDates/node_modules/@vitest/runner/dist/chunk-hooks.js:1863:10)
      at runTest (file:///C:/Users/Julien%20Fritsch/Documents/GitHub/DooDates/node_modules/@vitest/runner/dist/chunk-hooks.js:1574:12)
      at runSuite (file:///C:/Users/Julien%20Fritsch/Documents/GitHub/DooDates/node_modules/@vitest/runner/dist/chunk-hooks.js:1729:8)
      at runSuite (file:///C:/Users/Julien%20Fritsch/Documents/GitHub/DooDates/node_modules/@vitest/runner/dist/chunk-hooks.js:1729:8)
      at runSuite (file:///C:/Users/Julien%20Fritsch/Documents/GitHub/DooDates/node_modules/@vitest/runner/dist/chunk-hooks.js:1729:8)
}

stderr | src/hooks/__tests__/usePollConversationLink.1to1.test.ts > usePollConversationLink - 1:1 Relations (Task 2.1) > Navigation > should navigate to conversation from poll
Error: Not implemented: navigation (except hash changes)
    at module.exports (C:\Users\Julien Fritsch\Documents\GitHub\DooDates\node_modules\jsdom\lib\jsdom\browser\not-implemented.js:9:17)
    at navigateFetch (C:\Users\Julien Fritsch\Documents\GitHub\DooDates\node_modules\jsdom\lib\jsdom\living\window\navigation.js:77:3)
    at exports.navigate (C:\Users\Julien Fritsch\Documents\GitHub\DooDates\node_modules\jsdom\lib\jsdom\living\window\navigation.js:55:3)
    at LocationImpl._locationObjectNavigate (C:\Users\Julien Fritsch\Documents\GitHub\DooDates\node_modules\jsdom\lib\jsdom\living\window\Location-impl.js:30:5)
    at LocationImpl._locationObjectSetterNavigate (C:\Users\Julien Fritsch\Documents\GitHub\DooDates\node_modules\jsdom\lib\jsdom\living\window\Location-impl.js:24:17)
    at LocationImpl.set href [as href] (C:\Users\Julien Fritsch\Documents\GitHub\DooDates\node_modules\jsdom\lib\jsdom\living\window\Location-impl.js:46:10)
    at Location.set href [as href] (C:\Users\Julien Fritsch\Documents\GitHub\DooDates\node_modules\jsdom\lib\jsdom\living\generated\Location.js:125:37)
    at Object.navigateToConversation (C:\Users\Julien Fritsch\Documents\GitHub\DooDates\src\hooks\usePollConversationLink.ts:103:25)
    at C:\Users\Julien Fritsch\Documents\GitHub\DooDates\src\hooks\__tests__\usePollConversationLink.1to1.test.ts:132:24
    at C:\Users\Julien Fritsch\Documents\GitHub\DooDates\node_modules\@testing-library\react\dist\act-compat.js:48:24 undefined

stderr | src/hooks/__tests__/usePollConversationLink.1to1.test.ts > usePollConversationLink - 1:1 Relations (Task 2.1) > Navigation > should navigate to poll from conversation
Error: Not implemented: navigation (except hash changes)
    at module.exports (C:\Users\Julien Fritsch\Documents\GitHub\DooDates\node_modules\jsdom\lib\jsdom\browser\not-implemented.js:9:17)
    at navigateFetch (C:\Users\Julien Fritsch\Documents\GitHub\DooDates\node_modules\jsdom\lib\jsdom\living\window\navigation.js:77:3)
    at exports.navigate (C:\Users\Julien Fritsch\Documents\GitHub\DooDates\node_modules\jsdom\lib\jsdom\living\window\navigation.js:55:3)
    at LocationImpl._locationObjectNavigate (C:\Users\Julien Fritsch\Documents\GitHub\DooDates\node_modules\jsdom\lib\jsdom\living\window\Location-impl.js:30:5)
    at LocationImpl._locationObjectSetterNavigate (C:\Users\Julien Fritsch\Documents\GitHub\DooDates\node_modules\jsdom\lib\jsdom\living\window\Location-impl.js:24:17)
    at LocationImpl.set href [as href] (C:\Users\Julien Fritsch\Documents\GitHub\DooDates\node_modules\jsdom\lib\jsdom\living\window\Location-impl.js:46:10)
    at Location.set href [as href] (C:\Users\Julien Fritsch\Documents\GitHub\DooDates\node_modules\jsdom\lib\jsdom\living\generated\Location.js:125:37)
    at Object.navigateToPoll (C:\Users\Julien Fritsch\Documents\GitHub\DooDates\src\hooks\usePollConversationLink.ts:112:25)
    at C:\Users\Julien Fritsch\Documents\GitHub\DooDates\src\hooks\__tests__\usePollConversationLink.1to1.test.ts:143:24
    at C:\Users\Julien Fritsch\Documents\GitHub\DooDates\node_modules\@testing-library\react\dist\act-compat.js:48:24 undefined

stderr | src/hooks/__tests__/useViewportItems.test.ts > useViewportItems > should update when viewport size changes
Warning: An update to TestComponent inside a test was not wrapped in act(...).

When testing, code that causes React state updates should be wrapped into act(...):

act(() => {
  /* fire events that update state */
});
/* assert on the output */

This ensures that you're testing the behavior the user would see in the browser. Learn more at https://reactjs.org/link/wrap-tests-with-act
    at TestComponent (C:\Users\Julien Fritsch\Documents\GitHub\DooDates\node_modules\@testing-library\react\dist\pure.js:329:5)

stderr | src/hooks/__tests__/usePolls.createPoll.test.ts > usePolls.createPoll > rejects creation when selectedDates is empty
­ƒÜ¿ DooDates Error: {
  message: 'No dates selected for poll creation',
  name: 'DooDatesError',
  stack: 'DooDatesError: No dates selected for poll creation\n' +
    '    at Object.validation (C:\\Users\\Julien Fritsch\\Documents\\GitHub\\DooDates\\src\\lib\\error-handling.ts:136:5)\n' +
    '    at Object.createPoll (C:\\Users\\Julien Fritsch\\Documents\\GitHub\\DooDates\\src\\hooks\\usePolls.ts:166:32)\n' +
    '    at C:\\Users\\Julien Fritsch\\Documents\\GitHub\\DooDates\\src\\hooks\\__tests__\\usePolls.createPoll.test.ts:89:30\n' +
    '    at C:\\Users\\Julien Fritsch\\Documents\\GitHub\\DooDates\\node_modules\\@testing-library\\react\\dist\\act-compat.js:48:24\n' +
    '    at act (C:\\Users\\Julien Fritsch\\Documents\\GitHub\\DooDates\\node_modules\\react\\cjs\\react.development.js:2512:16)\n' +
    '    at Proxy.act (C:\\Users\\Julien Fritsch\\Documents\\GitHub\\DooDates\\node_modules\\@testing-library\\react\\dist\\act-compat.js:47:25)\n' +
    '    at C:\\Users\\Julien Fritsch\\Documents\\GitHub\\DooDates\\src\\hooks\\__tests__\\usePolls.createPoll.test.ts:87:23\n' +
    '    at file:///C:/Users/Julien%20Fritsch/Documents/GitHub/DooDates/node_modules/@vitest/runner/dist/chunk-hooks.js:155:11\n' +
    '    at file:///C:/Users/Julien%20Fritsch/Documents/GitHub/DooDates/node_modules/@vitest/runner/dist/chunk-hooks.js:752:26\n' +
    '    at file:///C:/Users/Julien%20Fritsch/Documents/GitHub/DooDates/node_modules/@vitest/runner/dist/chunk-hooks.js:1897:20',
  timestamp: '2025-11-21T08:49:12.558Z',
  context: { component: 'usePolls', operation: 'createPoll' },
  severity: 'medium',
  category: 'validation',
  userMessage: 'S├®lectionnez au moins une date pour cr├®er le sondage.'
}
­ƒÜ¿ DooDates Error: {
  message: 'No dates selected for poll creation',
  name: 'DooDatesError',
  stack: 'DooDatesError: No dates selected for poll creation\n' +
    '    at Object.validation (C:\\Users\\Julien Fritsch\\Documents\\GitHub\\DooDates\\src\\lib\\error-handling.ts:136:5)\n' +
    '    at Object.createPoll (C:\\Users\\Julien Fritsch\\Documents\\GitHub\\DooDates\\src\\hooks\\usePolls.ts:166:32)\n' +
    '    at C:\\Users\\Julien Fritsch\\Documents\\GitHub\\DooDates\\src\\hooks\\__tests__\\usePolls.createPoll.test.ts:89:30\n' +
    '    at C:\\Users\\Julien Fritsch\\Documents\\GitHub\\DooDates\\node_modules\\@testing-library\\react\\dist\\act-compat.js:48:24\n' +
    '    at act (C:\\Users\\Julien Fritsch\\Documents\\GitHub\\DooDates\\node_modules\\react\\cjs\\react.development.js:2512:16)\n' +
    '    at Proxy.act (C:\\Users\\Julien Fritsch\\Documents\\GitHub\\DooDates\\node_modules\\@testing-library\\react\\dist\\act-compat.js:47:25)\n' +
    '    at C:\\Users\\Julien Fritsch\\Documents\\GitHub\\DooDates\\src\\hooks\\__tests__\\usePolls.createPoll.test.ts:87:23\n' +
    '    at file:///C:/Users/Julien%20Fritsch/Documents/GitHub/DooDates/node_modules/@vitest/runner/dist/chunk-hooks.js:155:11\n' +
    '    at file:///C:/Users/Julien%20Fritsch/Documents/GitHub/DooDates/node_modules/@vitest/runner/dist/chunk-hooks.js:752:26\n' +
    '    at file:///C:/Users/Julien%20Fritsch/Documents/GitHub/DooDates/node_modules/@vitest/runner/dist/chunk-hooks.js:1897:20',
  timestamp: '2025-11-21T08:49:12.559Z',
  context: { component: 'usePolls', operation: 'createPoll' },
  severity: 'medium',
  category: 'validation',
  userMessage: 'S├®lectionnez au moins une date pour cr├®er le sondage.'
}

stderr | Logger.logWithLevel (C:\Users\Julien Fritsch\Documents\GitHub\DooDates\src\lib\logger.ts:155:17)
ÔØî ­ƒöÆ Failed to get fingerprint {
  error: ReferenceError: localStorage is not defined
      at getCachedFingerprint (C:\Users\Julien Fritsch\Documents\GitHub\DooDates\src\lib\browserFingerprint.ts:278:5)
      at ensureGuestQuota (C:\Users\Julien Fritsch\Documents\GitHub\DooDates\src\lib\guestQuotaService.ts:352:25)
      at consumeGuestCredits (C:\Users\Julien Fritsch\Documents\GitHub\DooDates\src\lib\guestQuotaService.ts:601:24)
      at consumeCredits (C:\Users\Julien Fritsch\Documents\GitHub\DooDates\src\lib\quotaTracking.ts:551:24)
      at incrementPollCreated (C:\Users\Julien Fritsch\Documents\GitHub\DooDates\src\lib\quotaTracking.ts:819:3)
}

stderr | src/components/dashboard/__tests__/DashboardTableView.test.tsx > DashboardTableView > should render table with items
ÔÜá´©Å React Router Future Flag Warning: React Router will begin wrapping state updates in `React.startTransition` in v7. You can use the `v7_startTransition` future flag to opt-in early. For more information, see https://reactrouter.com/v6/upgrading/future#v7_starttransition.
ÔÜá´©Å React Router Future Flag Warning: Relative route resolution within Splat routes is changing in v7. You can use the `v7_relativeSplatPath` future flag to opt-in early. For more information, see https://reactrouter.com/v6/upgrading/future#v7_relativesplatpath.


ÔÄ»ÔÄ»ÔÄ»ÔÄ»ÔÄ»ÔÄ»ÔÄ»ÔÄ»ÔÄ»ÔÄ»ÔÄ»ÔÄ»ÔÄ»ÔÄ»ÔÄ»ÔÄ»ÔÄ»ÔÄ»ÔÄ»ÔÄ»ÔÄ»ÔÄ»ÔÄ»ÔÄ»ÔÄ»ÔÄ»ÔÄ»ÔÄ»ÔÄ»ÔÄ»ÔÄ»ÔÄ»ÔÄ»ÔÄ»ÔÄ»ÔÄ»ÔÄ»ÔÄ»ÔÄ»ÔÄ»ÔÄ»ÔÄ»ÔÄ»ÔÄ»ÔÄ»ÔÄ»ÔÄ»ÔÄ»ÔÄ»ÔÄ»ÔÄ»ÔÄ»ÔÄ»ÔÄ»ÔÄ»ÔÄ»ÔÄ»ÔÄ»ÔÄ»ÔÄ»ÔÄ»ÔÄ»ÔÄ»ÔÄ»ÔÄ»ÔÄ»ÔÄ»ÔÄ»ÔÄ»ÔÄ»ÔÄ»ÔÄ»ÔÄ»ÔÄ»ÔÄ»ÔÄ»ÔÄ»ÔÄ»ÔÄ»ÔÄ»ÔÄ»ÔÄ»ÔÄ»ÔÄ»ÔÄ»ÔÄ»ÔÄ»ÔÄ»ÔÄ» Failed Tests 3 ÔÄ»ÔÄ»ÔÄ»ÔÄ»ÔÄ»ÔÄ»ÔÄ»ÔÄ»ÔÄ»ÔÄ»ÔÄ»ÔÄ»ÔÄ»ÔÄ»ÔÄ»ÔÄ»ÔÄ»ÔÄ»ÔÄ»ÔÄ»ÔÄ»ÔÄ»ÔÄ»ÔÄ»ÔÄ»ÔÄ»ÔÄ»ÔÄ»ÔÄ»ÔÄ»ÔÄ»ÔÄ»ÔÄ»ÔÄ»ÔÄ»ÔÄ»ÔÄ»ÔÄ»ÔÄ»ÔÄ»ÔÄ»ÔÄ»ÔÄ»ÔÄ»ÔÄ»ÔÄ»ÔÄ»ÔÄ»ÔÄ»ÔÄ»ÔÄ»ÔÄ»ÔÄ»ÔÄ»ÔÄ»ÔÄ»ÔÄ»ÔÄ»ÔÄ»ÔÄ»ÔÄ»ÔÄ»ÔÄ»ÔÄ»ÔÄ»ÔÄ»ÔÄ»ÔÄ»ÔÄ»ÔÄ»ÔÄ»ÔÄ»ÔÄ»ÔÄ»ÔÄ»ÔÄ»ÔÄ»ÔÄ»ÔÄ»ÔÄ»ÔÄ»ÔÄ»ÔÄ»ÔÄ»ÔÄ»ÔÄ»ÔÄ»ÔÄ»ÔÄ»ÔÄ»

 FAIL  src/__tests__/error-handling-enforcement.test.ts > Centralized Error Handling Enforcement > should not use direct console.error calls
Error: Found 2 direct console.error usage(s). Use logError() instead:
services\TitleService.ts:66 - console.error(`Erreur lors de la mise ├á jour du titre pour ${entityType} ${entityId}:`, error);
hooks\useAutoSave.ts:367 - console.error('ÔÜá´©Å [TitleGen] Erreur lors de la mise ├á jour du titre du poll:', pollError);
 ÔØ» src/__tests__/error-handling-enforcement.test.ts:68:13
     66|       const errorMessage = violations.map((v) => `${v.file}:${v.line} - ${v.content}`).join("\n");
     67| 
     68|       throw new Error(
       |             ^
     69|         `Found ${violations.length} direct console.error usage(s). Use logError() instead:\n${errorMessage}`,
     70|       );

ÔÄ»ÔÄ»ÔÄ»ÔÄ»ÔÄ»ÔÄ»ÔÄ»ÔÄ»ÔÄ»ÔÄ»ÔÄ»ÔÄ»ÔÄ»ÔÄ»ÔÄ»ÔÄ»ÔÄ»ÔÄ»ÔÄ»ÔÄ»ÔÄ»ÔÄ»ÔÄ»ÔÄ»ÔÄ»ÔÄ»ÔÄ»ÔÄ»ÔÄ»ÔÄ»ÔÄ»ÔÄ»ÔÄ»ÔÄ»ÔÄ»ÔÄ»ÔÄ»ÔÄ»ÔÄ»ÔÄ»ÔÄ»ÔÄ»ÔÄ»ÔÄ»ÔÄ»ÔÄ»ÔÄ»ÔÄ»ÔÄ»ÔÄ»ÔÄ»ÔÄ»ÔÄ»ÔÄ»ÔÄ»ÔÄ»ÔÄ»ÔÄ»ÔÄ»ÔÄ»ÔÄ»ÔÄ»ÔÄ»ÔÄ»ÔÄ»ÔÄ»ÔÄ»ÔÄ»ÔÄ»ÔÄ»ÔÄ»ÔÄ»ÔÄ»ÔÄ»ÔÄ»ÔÄ»ÔÄ»ÔÄ»ÔÄ»ÔÄ»ÔÄ»ÔÄ»ÔÄ»ÔÄ»ÔÄ»ÔÄ»ÔÄ»ÔÄ»ÔÄ»ÔÄ»ÔÄ»ÔÄ»ÔÄ»ÔÄ»ÔÄ»ÔÄ»ÔÄ»ÔÄ»ÔÄ»ÔÄ»ÔÄ»ÔÄ»ÔÄ»ÔÄ»ÔÄ»ÔÄ»ÔÄ»ÔÄ»ÔÄ»ÔÄ»ÔÄ»ÔÄ»ÔÄ»ÔÄ»ÔÄ»ÔÄ»ÔÄ»ÔÄ»ÔÄ»ÔÄ»ÔÄ»ÔÄ»ÔÄ»ÔÄ»ÔÄ»ÔÄ»ÔÄ»ÔÄ»ÔÄ»ÔÄ»ÔÄ»ÔÄ»ÔÄ»ÔÄ»ÔÄ»ÔÄ»ÔÄ»ÔÄ»ÔÄ»ÔÄ»ÔÄ»ÔÄ»ÔÄ»ÔÄ»ÔÄ»ÔÄ»ÔÄ»ÔÄ»ÔÄ»ÔÄ»ÔÄ»ÔÄ»ÔÄ»ÔÄ»ÔÄ»ÔÄ»ÔÄ»ÔÄ»ÔÄ»ÔÄ»ÔÄ»ÔÄ»ÔÄ»ÔÄ»ÔÄ»ÔÄ»ÔÄ»ÔÄ»ÔÄ»ÔÄ»ÔÄ»ÔÄ»ÔÄ»ÔÄ»ÔÄ»ÔÄ»ÔÄ»ÔÄ»ÔÄ»ÔÄ»ÔÄ»ÔÄ»ÔÄ»ÔÄ»ÔÄ»ÔÄ»ÔÄ»ÔÄ»ÔÄ»[1/3]ÔÄ»

 FAIL  src/hooks/__tests__/usePolls.dateGroups.test.ts > usePolls - dateGroups Data Chain Reliability > localStorage Persistence > Ô£à Poll sauvegard├® dans localStorage devrait conserver dateGroups
AssertionError: expected [] to have a length of 1 but got +0

- Expected
+ Received

- 1
+ 0

 ÔØ» src/hooks/__tests__/usePolls.dateGroups.test.ts:213:22
    211|       
    212|       // V├®rifier que le poll existe
    213|       expect(stored).toHaveLength(1);
       |                      ^
    214|       const retrievedPoll = stored[0];
    215|       expect(retrievedPoll).toBeDefined();

ÔÄ»ÔÄ»ÔÄ»ÔÄ»ÔÄ»ÔÄ»ÔÄ»ÔÄ»ÔÄ»ÔÄ»ÔÄ»ÔÄ»ÔÄ»ÔÄ»ÔÄ»ÔÄ»ÔÄ»ÔÄ»ÔÄ»ÔÄ»ÔÄ»ÔÄ»ÔÄ»ÔÄ»ÔÄ»ÔÄ»ÔÄ»ÔÄ»ÔÄ»ÔÄ»ÔÄ»ÔÄ»ÔÄ»ÔÄ»ÔÄ»ÔÄ»ÔÄ»ÔÄ»ÔÄ»ÔÄ»ÔÄ»ÔÄ»ÔÄ»ÔÄ»ÔÄ»ÔÄ»ÔÄ»ÔÄ»ÔÄ»ÔÄ»ÔÄ»ÔÄ»ÔÄ»ÔÄ»ÔÄ»ÔÄ»ÔÄ»ÔÄ»ÔÄ»ÔÄ»ÔÄ»ÔÄ»ÔÄ»ÔÄ»ÔÄ»ÔÄ»ÔÄ»ÔÄ»ÔÄ»ÔÄ»ÔÄ»ÔÄ»ÔÄ»ÔÄ»ÔÄ»ÔÄ»ÔÄ»ÔÄ»ÔÄ»ÔÄ»ÔÄ»ÔÄ»ÔÄ»ÔÄ»ÔÄ»ÔÄ»ÔÄ»ÔÄ»ÔÄ»ÔÄ»ÔÄ»ÔÄ»ÔÄ»ÔÄ»ÔÄ»ÔÄ»ÔÄ»ÔÄ»ÔÄ»ÔÄ»ÔÄ»ÔÄ»ÔÄ»ÔÄ»ÔÄ»ÔÄ»ÔÄ»ÔÄ»ÔÄ»ÔÄ»ÔÄ»ÔÄ»ÔÄ»ÔÄ»ÔÄ»ÔÄ»ÔÄ»ÔÄ»ÔÄ»ÔÄ»ÔÄ»ÔÄ»ÔÄ»ÔÄ»ÔÄ»ÔÄ»ÔÄ»ÔÄ»ÔÄ»ÔÄ»ÔÄ»ÔÄ»ÔÄ»ÔÄ»ÔÄ»ÔÄ»ÔÄ»ÔÄ»ÔÄ»ÔÄ»ÔÄ»ÔÄ»ÔÄ»ÔÄ»ÔÄ»ÔÄ»ÔÄ»ÔÄ»ÔÄ»ÔÄ»ÔÄ»ÔÄ»ÔÄ»ÔÄ»ÔÄ»ÔÄ»ÔÄ»ÔÄ»ÔÄ»ÔÄ»ÔÄ»ÔÄ»ÔÄ»ÔÄ»ÔÄ»ÔÄ»ÔÄ»ÔÄ»ÔÄ»ÔÄ»ÔÄ»ÔÄ»ÔÄ»ÔÄ»ÔÄ»ÔÄ»ÔÄ»ÔÄ»ÔÄ»ÔÄ»ÔÄ»ÔÄ»ÔÄ»ÔÄ»ÔÄ»ÔÄ»ÔÄ»ÔÄ»ÔÄ»[2/3]ÔÄ»

 FAIL  src/services/__tests__/PollCreatorService.weekendGrouping.test.ts > PollCreatorService - Weekend Grouping > initializeWithGeminiData > should initialize with empty state when no initial data
AssertionError: expected { selectedDates: [], ÔÇª(20) } to have property "dateGroups" with value undefined
 ÔØ» src/services/__tests__/PollCreatorService.weekendGrouping.test.ts:9:22
      7|       const result = PollCreatorService.initializeWithGeminiData();
      8|       
      9|       expect(result).toHaveProperty('dateGroups', undefined);
       |                      ^
     10|       expect(result.selectedDates).toEqual([]);
     11|     });

ÔÄ»ÔÄ»ÔÄ»ÔÄ»ÔÄ»ÔÄ»ÔÄ»ÔÄ»ÔÄ»ÔÄ»ÔÄ»ÔÄ»ÔÄ»ÔÄ»ÔÄ»ÔÄ»ÔÄ»ÔÄ»ÔÄ»ÔÄ»ÔÄ»ÔÄ»ÔÄ»ÔÄ»ÔÄ»ÔÄ»ÔÄ»ÔÄ»ÔÄ»ÔÄ»ÔÄ»ÔÄ»ÔÄ»ÔÄ»ÔÄ»ÔÄ»ÔÄ»ÔÄ»ÔÄ»ÔÄ»ÔÄ»ÔÄ»ÔÄ»ÔÄ»ÔÄ»ÔÄ»ÔÄ»ÔÄ»ÔÄ»ÔÄ»ÔÄ»ÔÄ»ÔÄ»ÔÄ»ÔÄ»ÔÄ»ÔÄ»ÔÄ»ÔÄ»ÔÄ»ÔÄ»ÔÄ»ÔÄ»ÔÄ»ÔÄ»ÔÄ»ÔÄ»ÔÄ»ÔÄ»ÔÄ»ÔÄ»ÔÄ»ÔÄ»ÔÄ»ÔÄ»ÔÄ»ÔÄ»ÔÄ»ÔÄ»ÔÄ»ÔÄ»ÔÄ»ÔÄ»ÔÄ»ÔÄ»ÔÄ»ÔÄ»ÔÄ»ÔÄ»ÔÄ»ÔÄ»ÔÄ»ÔÄ»ÔÄ»ÔÄ»ÔÄ»ÔÄ»ÔÄ»ÔÄ»ÔÄ»ÔÄ»ÔÄ»ÔÄ»ÔÄ»ÔÄ»ÔÄ»ÔÄ»ÔÄ»ÔÄ»ÔÄ»ÔÄ»ÔÄ»ÔÄ»ÔÄ»ÔÄ»ÔÄ»ÔÄ»ÔÄ»ÔÄ»ÔÄ»ÔÄ»ÔÄ»ÔÄ»ÔÄ»ÔÄ»ÔÄ»ÔÄ»ÔÄ»ÔÄ»ÔÄ»ÔÄ»ÔÄ»ÔÄ»ÔÄ»ÔÄ»ÔÄ»ÔÄ»ÔÄ»ÔÄ»ÔÄ»ÔÄ»ÔÄ»ÔÄ»ÔÄ»ÔÄ»ÔÄ»ÔÄ»ÔÄ»ÔÄ»ÔÄ»ÔÄ»ÔÄ»ÔÄ»ÔÄ»ÔÄ»ÔÄ»ÔÄ»ÔÄ»ÔÄ»ÔÄ»ÔÄ»ÔÄ»ÔÄ»ÔÄ»ÔÄ»ÔÄ»ÔÄ»ÔÄ»ÔÄ»ÔÄ»ÔÄ»ÔÄ»ÔÄ»ÔÄ»ÔÄ»ÔÄ»ÔÄ»ÔÄ»ÔÄ»ÔÄ»ÔÄ»ÔÄ»ÔÄ»ÔÄ»ÔÄ»ÔÄ»ÔÄ»ÔÄ»ÔÄ»[3/3]ÔÄ»

